This is pdfTeX, Version 3.14159265-2.6-1.40.21 (TeX Live 2020) (preloaded format=pdflatex 2023.2.9)  25 MAY 2023 11:36
entering extended mode
 restricted \write18 enabled.
 %&-line parsing enabled.
**refman
(./refman.tex
LaTeX2e <2020-02-02> patch level 5
L3 programming layer <2020-03-06>
(/opt/tex/texlive2020/texmf-dist/tex/latex/base/book.cls
Document Class: book 2019/12/20 v1.4l Standard LaTeX document class
(/opt/tex/texlive2020/texmf-dist/tex/latex/base/bk10.clo
File: bk10.clo 2019/12/20 v1.4l Standard LaTeX file (size option)
)
\c@part=\count167
\c@chapter=\count168
\c@section=\count169
\c@subsection=\count170
\c@subsubsection=\count171
\c@paragraph=\count172
\c@subparagraph=\count173
\c@figure=\count174
\c@table=\count175
\abovecaptionskip=\skip47
\belowcaptionskip=\skip48
\bibindent=\dimen134
)
(/opt/tex/texlive2020/texmf-dist/tex/latex/base/ifthen.sty
Package: ifthen 2014/09/29 v1.1c Standard LaTeX ifthen package (DPC)
)
(/opt/tex/texlive2020/texmf-dist/tex/latex/tools/array.sty
Rollback for package 'array' requested -> date 2016-10-06.
         Best approximation is the release introduced on 2016-10-06.

(/opt/tex/texlive2020/texmf-dist/tex/latex/tools/array-2016-10-06.sty
Package: array 2016/10/06 v2.4d Tabular extension package (FMi)
\col@sep=\dimen135
\extrarowheight=\dimen136
\NC@list=\toks15
\extratabsurround=\skip49
\backup@length=\skip50
))
(/opt/tex/texlive2020/texmf-dist/tex/latex/base/fixltx2e.sty
Package: fixltx2e 2016/12/29 v2.1a fixes to LaTeX (obsolete)
Applying: [2015/01/01] Old fixltx2e package on input line 46.


Package fixltx2e Warning: fixltx2e is not required with releases after 2015
(fixltx2e)                All fixes are now in the LaTeX kernel.
(fixltx2e)                See the latexrelease package for details.

Already applied: [0000/00/00] Old fixltx2e package on input line 53.
) (./doxygen.sty
Package: doxygen 
 (/opt/tex/texlive2020/texmf-dist/tex/latex/base/alltt.sty
Package: alltt 1997/06/16 v2.0g defines alltt environment
)
(/opt/tex/texlive2020/texmf-dist/tex/latex/tools/calc.sty
Package: calc 2017/05/25 v4.3 Infix arithmetic (KKT,FJ)
\calc@Acount=\count176
\calc@Bcount=\count177
\calc@Adimen=\dimen137
\calc@Bdimen=\dimen138
\calc@Askip=\skip51
\calc@Bskip=\skip52
LaTeX Info: Redefining \setlength on input line 80.
LaTeX Info: Redefining \addtolength on input line 81.
\calc@Ccount=\count178
\calc@Cskip=\skip53
)
(/opt/tex/texlive2020/texmf-dist/tex/latex/float/float.sty
Package: float 2001/11/08 v1.3d Float enhancements (AL)
\c@float@type=\count179
\float@exts=\toks16
\float@box=\box45
\@float@everytoks=\toks17
\@floatcapt=\box46
)
(/opt/tex/texlive2020/texmf-dist/tex/latex/tools/verbatim.sty
Package: verbatim 2019/11/10 v1.5r LaTeX2e package for verbatim enhancements
\every@verbatim=\toks18
\verbatim@line=\toks19
\verbatim@in@stream=\read2
)
(/opt/tex/texlive2020/texmf-dist/tex/latex/xcolor/xcolor.sty
Package: xcolor 2016/05/11 v2.12 LaTeX color extensions (UK)

(/opt/tex/texlive2020/texmf-dist/tex/latex/graphics-cfg/color.cfg
File: color.cfg 2016/01/02 v1.6 sample color configuration
)
Package xcolor Info: Driver file: pdftex.def on input line 225.

(/opt/tex/texlive2020/texmf-dist/tex/latex/graphics-def/pdftex.def
File: pdftex.def 2018/01/08 v1.0l Graphics/color driver for pdftex
)
(/opt/tex/texlive2020/texmf-dist/tex/latex/colortbl/colortbl.sty
Package: colortbl 2020/01/04 v1.0e Color table columns (DPC)
\everycr=\toks20
\minrowclearance=\skip54
)
\rownum=\count180
Package xcolor Info: Model `cmy' substituted by `cmy0' on input line 1348.
Package xcolor Info: Model `hsb' substituted by `rgb' on input line 1352.
Package xcolor Info: Model `RGB' extended on input line 1364.
Package xcolor Info: Model `HTML' substituted by `rgb' on input line 1366.
Package xcolor Info: Model `Hsb' substituted by `hsb' on input line 1367.
Package xcolor Info: Model `tHsb' substituted by `hsb' on input line 1368.
Package xcolor Info: Model `HSB' substituted by `hsb' on input line 1369.
Package xcolor Info: Model `Gray' substituted by `gray' on input line 1370.
Package xcolor Info: Model `wave' substituted by `hsb' on input line 1371.
)
(./longtable_doxygen.sty
Package: longtable_doxygen 2014/10/28 v4.11 Multi-page Table package (DPC) - fr
ozen version for doxygen
\LTleft=\skip55
\LTright=\skip56
\LTpre=\skip57
\LTpost=\skip58
\LTchunksize=\count181
\LTcapwidth=\dimen139
\LT@head=\box47
\LT@firsthead=\box48
\LT@foot=\box49
\LT@lastfoot=\box50
\LT@cols=\count182
\LT@rows=\count183
\c@LT@tables=\count184
\c@LT@chunks=\count185
\LT@p@ftn=\toks21
) (./tabu_doxygen.sty
Package: tabu_doxygen 2011/02/26 v2.8 - flexible LaTeX tabulars (FC), frozen ve
rsion for doxygen

(/opt/tex/texlive2020/texmf-dist/tex/latex/varwidth/varwidth.sty
Package: varwidth 2009/03/30 ver 0.92;  Variable-width minipages
\@vwid@box=\box51
\sift@deathcycles=\count186
\@vwid@loff=\dimen140
\@vwid@roff=\dimen141
)
\c@taburow=\count187
\tabu@nbcols=\count188
\tabu@cnt=\count189
\tabu@Xcol=\count190
\tabu@alloc=\count191
\tabu@nested=\count192
\tabu@target=\dimen142
\tabu@spreadtarget=\dimen143
\tabu@naturalX=\dimen144
\tabucolX=\dimen145
\tabu@Xsum=\dimen146
\extrarowdepth=\dimen147
\abovetabulinesep=\dimen148
\belowtabulinesep=\dimen149
\tabustrutrule=\dimen150
\tabu@thebody=\toks22
\tabu@footnotes=\toks23
\tabu@box=\box52
\tabu@arstrutbox=\box53
\tabu@hleads=\box54
\tabu@vleads=\box55
\tabu@cellskip=\skip59
)
(/opt/tex/texlive2020/texmf-dist/tex/latex/fancyvrb/fancyvrb.sty
Package: fancyvrb 2020/01/13 v3.5 verbatim text (tvz,hv)

(/opt/tex/texlive2020/texmf-dist/tex/latex/graphics/keyval.sty
Package: keyval 2014/10/28 v1.15 key=value parser (DPC)
\KV@toks@=\toks24
)
\FV@CodeLineNo=\count193
\FV@InFile=\read3
\FV@TabBox=\box56
\c@FancyVerbLine=\count194
\FV@StepNumber=\count195
\FV@OutFile=\write3
)
(/opt/tex/texlive2020/texmf-dist/tex/latex/tools/tabularx.sty
Package: tabularx 2020/01/15 v2.11c `tabularx' package (DPC)
\TX@col@width=\dimen151
\TX@old@table=\dimen152
\TX@old@col=\dimen153
\TX@target=\dimen154
\TX@delta=\dimen155
\TX@cols=\count196
\TX@ftn=\toks25
)
(/opt/tex/texlive2020/texmf-dist/tex/latex/tools/multicol.sty
Package: multicol 2019/12/09 v1.8y multicolumn formatting (FMi)
\c@tracingmulticols=\count197
\mult@box=\box57
\multicol@leftmargin=\dimen156
\c@unbalance=\count198
\c@collectmore=\count199
\doublecol@number=\count266
\multicoltolerance=\count267
\multicolpretolerance=\count268
\full@width=\dimen157
\page@free=\dimen158
\premulticols=\dimen159
\postmulticols=\dimen160
\multicolsep=\skip60
\multicolbaselineskip=\skip61
\partial@page=\box58
\last@line=\box59
\maxbalancingoverflow=\dimen161
\mult@rightbox=\box60
\mult@grightbox=\box61
\mult@gfirstbox=\box62
\mult@firstbox=\box63
\@tempa=\box64
\@tempa=\box65
\@tempa=\box66
\@tempa=\box67
\@tempa=\box68
\@tempa=\box69
\@tempa=\box70
\@tempa=\box71
\@tempa=\box72
\@tempa=\box73
\@tempa=\box74
\@tempa=\box75
\@tempa=\box76
\@tempa=\box77
\@tempa=\box78
\@tempa=\box79
\@tempa=\box80
\@tempa=\box81
\@tempa=\box82
\@tempa=\box83
\@tempa=\box84
\@tempa=\box85
\@tempa=\box86
\@tempa=\box87
\@tempa=\box88
\@tempa=\box89
\@tempa=\box90
\@tempa=\box91
\@tempa=\box92
\@tempa=\box93
\@tempa=\box94
\@tempa=\box95
\@tempa=\box96
\@tempa=\box97
\@tempa=\box98
\@tempa=\box99
\@tempa=\box100
\c@minrows=\count269
\c@columnbadness=\count270
\c@finalcolumnbadness=\count271
\last@try=\dimen162
\multicolovershoot=\dimen163
\multicolundershoot=\dimen164
\mult@nat@firstbox=\box101
\colbreak@box=\box102
\mc@col@check@num=\count272
)
(/opt/tex/texlive2020/texmf-dist/tex/latex/multirow/multirow.sty
Package: multirow 2019/05/31 v2.5 Span multiple rows of a table
\multirow@colwidth=\skip62
\multirow@cntb=\count273
\multirow@dima=\skip63
\bigstrutjot=\dimen165
)
(/opt/tex/texlive2020/texmf-dist/tex/latex/hanging/hanging.sty
Package: hanging 2009/09/02 v1.2b hanging paragraphs and punctuation
\h@ngcommawd=\skip64
\h@ngfstopwd=\skip65
\h@ngquotewd=\skip66
\h@ngdquotewd=\skip67
\h@ngquerywd=\skip68
\h@ngexclwd=\skip69
\h@ngcolonwd=\skip70
\h@ngscolonwd=\skip71
)
(/opt/tex/texlive2020/texmf-dist/tex/generic/iftex/ifpdf.sty
Package: ifpdf 2019/10/25 v3.4 ifpdf legacy package. Use iftex instead.

(/opt/tex/texlive2020/texmf-dist/tex/generic/iftex/iftex.sty
Package: iftex 2020/03/06 v1.0d TeX engine tests
))
(/opt/tex/texlive2020/texmf-dist/tex/latex/adjustbox/adjustbox.sty
Package: adjustbox 2019/01/04 v1.2 Adjusting TeX boxes (trim, clip, ...)

(/opt/tex/texlive2020/texmf-dist/tex/latex/xkeyval/xkeyval.sty
Package: xkeyval 2014/12/03 v2.7a package option processing (HA)

(/opt/tex/texlive2020/texmf-dist/tex/generic/xkeyval/xkeyval.tex
(/opt/tex/texlive2020/texmf-dist/tex/generic/xkeyval/xkvutils.tex
\XKV@toks=\toks26
\XKV@tempa@toks=\toks27
)
\XKV@depth=\count274
File: xkeyval.tex 2014/12/03 v2.7a key=value parser (HA)
))
(/opt/tex/texlive2020/texmf-dist/tex/latex/adjustbox/adjcalc.sty
Package: adjcalc 2012/05/16 v1.1 Provides advanced setlength with multiple back
-ends (calc, etex, pgfmath)
)
(/opt/tex/texlive2020/texmf-dist/tex/latex/adjustbox/trimclip.sty
Package: trimclip 2018/04/08 v1.1 Trim and clip general TeX material

(/opt/tex/texlive2020/texmf-dist/tex/latex/graphics/graphicx.sty
Package: graphicx 2019/11/30 v1.2a Enhanced LaTeX Graphics (DPC,SPQR)

(/opt/tex/texlive2020/texmf-dist/tex/latex/graphics/graphics.sty
Package: graphics 2019/11/30 v1.4a Standard LaTeX Graphics (DPC,SPQR)

(/opt/tex/texlive2020/texmf-dist/tex/latex/graphics/trig.sty
Package: trig 2016/01/03 v1.10 sin cos tan (DPC)
)
(/opt/tex/texlive2020/texmf-dist/tex/latex/graphics-cfg/graphics.cfg
File: graphics.cfg 2016/06/04 v1.11 sample graphics configuration
)
Package graphics Info: Driver file: pdftex.def on input line 105.
)
\Gin@req@height=\dimen166
\Gin@req@width=\dimen167
)
(/opt/tex/texlive2020/texmf-dist/tex/latex/collectbox/collectbox.sty
Package: collectbox 2012/05/17 v0.4b Collect macro arguments as boxes
\collectedbox=\box103
)
\tc@llx=\dimen168
\tc@lly=\dimen169
\tc@urx=\dimen170
\tc@ury=\dimen171
Package trimclip Info: Using driver 'tc-pdftex.def'.

(/opt/tex/texlive2020/texmf-dist/tex/latex/adjustbox/tc-pdftex.def
File: tc-pdftex.def 2019/01/04 v2.2 Clipping driver for pdftex
))
\adjbox@Width=\dimen172
\adjbox@Height=\dimen173
\adjbox@Depth=\dimen174
\adjbox@Totalheight=\dimen175
\adjbox@pwidth=\dimen176
\adjbox@pheight=\dimen177
\adjbox@pdepth=\dimen178
\adjbox@ptotalheight=\dimen179

(/opt/tex/texlive2020/texmf-dist/tex/latex/ifoddpage/ifoddpage.sty
Package: ifoddpage 2016/04/23 v1.1 Conditionals for odd/even page detection
\c@checkoddpage=\count275
))
(/opt/tex/texlive2020/texmf-dist/tex/latex/amsfonts/amssymb.sty
Package: amssymb 2013/01/14 v3.01 AMS font symbols

(/opt/tex/texlive2020/texmf-dist/tex/latex/amsfonts/amsfonts.sty
Package: amsfonts 2013/01/14 v3.01 Basic AMSFonts support
\@emptytoks=\toks28
\symAMSa=\mathgroup4
\symAMSb=\mathgroup5
LaTeX Font Info:    Redeclaring math symbol \hbar on input line 98.
LaTeX Font Info:    Overwriting math alphabet `\mathfrak' in version `bold'
(Font)                  U/euf/m/n --> U/euf/b/n on input line 106.
))
(/opt/tex/texlive2020/texmf-dist/tex/latex/stackengine/stackengine.sty
Package: stackengine 2017/02/13 v4.01\ Stacking text and objects in convenient 
ways

(/opt/tex/texlive2020/texmf-dist/tex/latex/etoolbox/etoolbox.sty
Package: etoolbox 2019/09/21 v2.5h e-TeX tools for LaTeX (JAW)
\etb@tempcnta=\count276
)
(/opt/tex/texlive2020/texmf-dist/tex/generic/listofitems/listofitems.sty
(/opt/tex/texlive2020/texmf-dist/tex/generic/listofitems/listofitems.tex
\loi_cnt_foreach_nest=\count277
\loi_nestcnt=\count278
)
Package: listofitems 2019/08/21 v1.63 Grab items in lists using user-specified 
sep char (CT)
)
\c@@stackindex=\count279
\@boxshift=\skip72
\stack@tmplength=\skip73
\temp@stkl=\skip74
\@stackedboxwidth=\skip75
\@addedbox=\box104
\@anchorbox=\box105
\stackedbox=\box106
\@centerbox=\box107
\c@ROWcellindex@=\count280
)
(/opt/tex/texlive2020/texmf-dist/tex/generic/ulem/ulem.sty
\UL@box=\box108
\UL@hyphenbox=\box109
\UL@skip=\skip76
\UL@hook=\toks29
\UL@height=\dimen180
\UL@pe=\count281
\UL@pixel=\dimen181
\ULC@box=\box110
Package: ulem 2019/11/18
\ULdepth=\dimen182
)
\xrefbox=\box111
\xreflength=\skip77
\CodeWidthChar=\skip78
\CodeHeightChar=\skip79
\DoxyCodeWidth=\skip80
)
(/opt/tex/texlive2020/texmf-dist/tex/latex/base/inputenc.sty
Package: inputenc 2018/08/11 v1.3c Input encoding file
\inpenc@prehook=\toks30
\inpenc@posthook=\toks31
)
(/opt/tex/texlive2020/texmf-dist/tex/latex/base/makeidx.sty
Package: makeidx 2014/09/29 v1.0m Standard LaTeX package
)
(/opt/tex/texlive2020/texmf-dist/tex/latex/base/textcomp.sty
Package: textcomp 2020/02/02 v2.0n Standard LaTeX package
)
(/opt/tex/texlive2020/texmf-dist/tex/latex/wasysym/wasysym.sty
Package: wasysym 2020/01/19 v2.4 Wasy-2 symbol support package
\symwasy=\mathgroup6
LaTeX Font Info:    Overwriting symbol font `wasy' in version `bold'
(Font)                  U/wasy/m/n --> U/wasy/b/n on input line 93.
)
(/opt/tex/texlive2020/texmf-dist/tex/generic/iftex/ifxetex.sty
Package: ifxetex 2019/10/25 v0.7 ifxetex legacy package. Use iftex instead.
)
(/opt/tex/texlive2020/texmf-dist/tex/latex/base/fontenc.sty
Package: fontenc 2020/02/11 v2.0o Standard LaTeX package
)
(/opt/tex/texlive2020/texmf-dist/tex/latex/psnfss/helvet.sty
Package: helvet 2005/04/12 PSNFSS-v9.2a (WaS) 
)
(/opt/tex/texlive2020/texmf-dist/tex/latex/psnfss/courier.sty
Package: courier 2005/04/12 PSNFSS-v9.2a (WaS) 
)
(/opt/tex/texlive2020/texmf-dist/tex/latex/sectsty/sectsty.sty
Package: sectsty 2002/02/25 v2.0.2 Commands to change all sectional heading sty
les


LaTeX Warning: Command \underbar  has changed.
               Check if current package is valid.


LaTeX Warning: Command \underline  has changed.
               Check if current package is valid.

) (/opt/tex/texlive2020/texmf-dist/tex/latex/geometry/geometry.sty
Package: geometry 2020/01/02 v5.9 Page Geometry

(/opt/tex/texlive2020/texmf-dist/tex/generic/iftex/ifvtex.sty
Package: ifvtex 2019/10/25 v1.7 ifvtex legacy package. Use iftex instead.
)
\Gm@cnth=\count282
\Gm@cntv=\count283
\c@Gm@tempcnt=\count284
\Gm@bindingoffset=\dimen183
\Gm@wd@mp=\dimen184
\Gm@odd@mp=\dimen185
\Gm@even@mp=\dimen186
\Gm@layoutwidth=\dimen187
\Gm@layoutheight=\dimen188
\Gm@layouthoffset=\dimen189
\Gm@layoutvoffset=\dimen190
\Gm@dimlist=\toks32
)
(/opt/tex/texlive2020/texmf-dist/tex/latex/fancyhdr/fancyhdr.sty
Package: fancyhdr 2019/01/31 v3.10 Extensive control of page headers and footer
s
\f@nch@headwidth=\skip81
\f@nch@O@elh=\skip82
\f@nch@O@erh=\skip83
\f@nch@O@olh=\skip84
\f@nch@O@orh=\skip85
\f@nch@O@elf=\skip86
\f@nch@O@erf=\skip87
\f@nch@O@olf=\skip88
\f@nch@O@orf=\skip89
)
(/opt/tex/texlive2020/texmf-dist/tex/latex/natbib/natbib.sty
Package: natbib 2010/09/13 8.31b (PWD, AO)
\bibhang=\skip90
\bibsep=\skip91
LaTeX Info: Redefining \cite on input line 694.
\c@NAT@ctr=\count285
)
(/opt/tex/texlive2020/texmf-dist/tex/latex/tocloft/tocloft.sty
Package: tocloft 2017/08/31 v2.3i parameterised ToC, etc., typesetting
Package tocloft Info: The document has chapter divisions on input line 51.
\cftparskip=\skip92
\cftbeforetoctitleskip=\skip93
\cftaftertoctitleskip=\skip94
\cftbeforepartskip=\skip95
\cftpartnumwidth=\skip96
\cftpartindent=\skip97
\cftbeforechapskip=\skip98
\cftchapindent=\skip99
\cftchapnumwidth=\skip100
\cftbeforesecskip=\skip101
\cftsecindent=\skip102
\cftsecnumwidth=\skip103
\cftbeforesubsecskip=\skip104
\cftsubsecindent=\skip105
\cftsubsecnumwidth=\skip106
\cftbeforesubsubsecskip=\skip107
\cftsubsubsecindent=\skip108
\cftsubsubsecnumwidth=\skip109
\cftbeforeparaskip=\skip110
\cftparaindent=\skip111
\cftparanumwidth=\skip112
\cftbeforesubparaskip=\skip113
\cftsubparaindent=\skip114
\cftsubparanumwidth=\skip115
\cftbeforeloftitleskip=\skip116
\cftafterloftitleskip=\skip117
\cftbeforefigskip=\skip118
\cftfigindent=\skip119
\cftfignumwidth=\skip120
\c@lofdepth=\count286
\c@lotdepth=\count287
\cftbeforelottitleskip=\skip121
\cftafterlottitleskip=\skip122
\cftbeforetabskip=\skip123
\cfttabindent=\skip124
\cfttabnumwidth=\skip125
)
\@indexfile=\write4
\openout4 = `refman.idx'.


Writing index file refman.idx
(/opt/tex/texlive2020/texmf-dist/tex/latex/newunicodechar/newunicodechar.sty
Package: newunicodechar 2018/04/08 v1.2 Defining Unicode characters
)

Package newunicodechar Warning: Redefining Unicode character on input line 115.



Package newunicodechar Warning: Redefining Unicode character on input line 116.


(/opt/tex/texlive2020/texmf-dist/tex/latex/hyperref/hyperref.sty
Package: hyperref 2020/01/14 v7.00d Hypertext links for LaTeX

(/opt/tex/texlive2020/texmf-dist/tex/generic/ltxcmds/ltxcmds.sty
Package: ltxcmds 2019/12/15 v1.24 LaTeX kernel commands for general use (HO)
)
(/opt/tex/texlive2020/texmf-dist/tex/latex/pdftexcmds/pdftexcmds.sty
Package: pdftexcmds 2019/11/24 v0.31 Utility functions of pdfTeX for LuaTeX (HO
)

(/opt/tex/texlive2020/texmf-dist/tex/generic/infwarerr/infwarerr.sty
Package: infwarerr 2019/12/03 v1.5 Providing info/warning/error messages (HO)
)
Package pdftexcmds Info: \pdf@primitive is available.
Package pdftexcmds Info: \pdf@ifprimitive is available.
Package pdftexcmds Info: \pdfdraftmode found.
)
(/opt/tex/texlive2020/texmf-dist/tex/generic/kvsetkeys/kvsetkeys.sty
Package: kvsetkeys 2019/12/15 v1.18 Key value parser (HO)
)
(/opt/tex/texlive2020/texmf-dist/tex/generic/kvdefinekeys/kvdefinekeys.sty
Package: kvdefinekeys 2019-12-19 v1.6 Define keys (HO)
)
(/opt/tex/texlive2020/texmf-dist/tex/generic/pdfescape/pdfescape.sty
Package: pdfescape 2019/12/09 v1.15 Implements pdfTeX's escape features (HO)
)
(/opt/tex/texlive2020/texmf-dist/tex/latex/hycolor/hycolor.sty
Package: hycolor 2020-01-27 v1.10 Color options for hyperref/bookmark (HO)
)
(/opt/tex/texlive2020/texmf-dist/tex/latex/letltxmacro/letltxmacro.sty
Package: letltxmacro 2019/12/03 v1.6 Let assignment for LaTeX macros (HO)
)
(/opt/tex/texlive2020/texmf-dist/tex/latex/auxhook/auxhook.sty
Package: auxhook 2019-12-17 v1.6 Hooks for auxiliary files (HO)
)
(/opt/tex/texlive2020/texmf-dist/tex/latex/kvoptions/kvoptions.sty
Package: kvoptions 2019/11/29 v3.13 Key value format for package options (HO)
)
\@linkdim=\dimen191
\Hy@linkcounter=\count288
\Hy@pagecounter=\count289

(/opt/tex/texlive2020/texmf-dist/tex/latex/hyperref/pd1enc.def
File: pd1enc.def 2020/01/14 v7.00d Hyperref: PDFDocEncoding definition (HO)
Now handling font encoding PD1 ...
... no UTF-8 mapping file for font encoding PD1
)
(/opt/tex/texlive2020/texmf-dist/tex/generic/intcalc/intcalc.sty
Package: intcalc 2019/12/15 v1.3 Expandable calculations with integers (HO)
)
(/opt/tex/texlive2020/texmf-dist/tex/generic/etexcmds/etexcmds.sty
Package: etexcmds 2019/12/15 v1.7 Avoid name clashes with e-TeX commands (HO)
)
\Hy@SavedSpaceFactor=\count290
Package hyperref Info: Hyper figures OFF on input line 4547.
Package hyperref Info: Link nesting OFF on input line 4552.
Package hyperref Info: Hyper index ON on input line 4555.
Package hyperref Info: Plain pages OFF on input line 4562.
Package hyperref Info: Backreferencing ON on input line 4565.
Package hyperref Info: Implicit mode ON; LaTeX internals redefined.
Package hyperref Info: Bookmarks ON on input line 4800.

(/opt/tex/texlive2020/texmf-dist/tex/latex/hyperref/backref.sty
Package: backref 2020/01/14 v1.40 Bibliographical back referencing

(/opt/tex/texlive2020/texmf-dist/tex/latex/rerunfilecheck/rerunfilecheck.sty
Package: rerunfilecheck 2019/12/05 v1.9 Rerun checks for auxiliary files (HO)

(/opt/tex/texlive2020/texmf-dist/tex/latex/atveryend/atveryend.sty
Package: atveryend 2019-12-11 v1.11 Hooks at the very end of document (HO)
)
(/opt/tex/texlive2020/texmf-dist/tex/generic/uniquecounter/uniquecounter.sty
Package: uniquecounter 2019/12/15 v1.4 Provide unlimited unique counter (HO)

(/opt/tex/texlive2020/texmf-dist/tex/generic/bigintcalc/bigintcalc.sty
Package: bigintcalc 2019/12/15 v1.5 Expandable calculations on big integers (HO
)
))
Package uniquecounter Info: New unique counter `rerunfilecheck' on input line 2
86.
))
\c@Hy@tempcnt=\count291

(/opt/tex/texlive2020/texmf-dist/tex/latex/url/url.sty
\Urlmuskip=\muskip16
Package: url 2013/09/16  ver 3.4  Verb mode for urls, etc.
)
LaTeX Info: Redefining \url on input line 5159.
\XeTeXLinkMargin=\dimen192

(/opt/tex/texlive2020/texmf-dist/tex/generic/bitset/bitset.sty
Package: bitset 2019/12/09 v1.3 Handle bit-vector datatype (HO)
)
\Fld@menulength=\count292
\Field@Width=\dimen193
\Fld@charsize=\dimen194
Package hyperref Info: Hyper figures OFF on input line 6430.
Package hyperref Info: Link nesting OFF on input line 6435.
Package hyperref Info: Hyper index ON on input line 6438.
Package hyperref Info: backreferencing ON on input line 6443.
Package hyperref Info: Link coloring OFF on input line 6450.
Package hyperref Info: Link coloring with OCG OFF on input line 6455.
Package hyperref Info: PDF/A mode OFF on input line 6460.
LaTeX Info: Redefining \ref on input line 6500.
LaTeX Info: Redefining \pageref on input line 6504.

(/opt/tex/texlive2020/texmf-dist/tex/generic/atbegshi/atbegshi.sty
Package: atbegshi 2019/12/05 v1.19 At begin shipout hook (HO)
)
\Hy@abspage=\count293
\c@Item=\count294
\c@Hfootnote=\count295
)
Package hyperref Info: Driver: hpdftex.

(/opt/tex/texlive2020/texmf-dist/tex/latex/hyperref/hpdftex.def
File: hpdftex.def 2020/01/14 v7.00d Hyperref driver for pdfTeX
\Fld@listcount=\count296
\c@bookmark@seq@number=\count297
\Hy@SectionHShift=\skip126
)
Package hyperref Info: Option `colorlinks' set `true' on input line 134.
Package hyperref Info: Option `unicode' set `true' on input line 134.

(/opt/tex/texlive2020/texmf-dist/tex/latex/hyperref/puenc.def
File: puenc.def 2020/01/14 v7.00d Hyperref: PDF Unicode definition (HO)
Now handling font encoding PU ...
... no UTF-8 mapping file for font encoding PU
)
(/opt/tex/texlive2020/texmf-dist/tex/latex/caption/caption.sty
Package: caption 2020/01/03 v3.4h Customizing captions (AR)

(/opt/tex/texlive2020/texmf-dist/tex/latex/caption/caption3.sty
Package: caption3 2020/01/03 v1.8h caption3 kernel (AR)
Package caption3 Info: TeX engine: e-TeX on input line 61.
\captionmargin=\dimen195
\captionmargin@=\dimen196
\captionwidth=\dimen197
\caption@tempdima=\dimen198
\caption@indent=\dimen199
\caption@parindent=\dimen256
\caption@hangindent=\dimen257
Package caption Info: Standard document class detected.
)
\c@caption@flags=\count298
\c@continuedfloat=\count299
Package caption Info: float package is loaded.
Package caption Info: hyperref package is loaded.
Package caption Info: longtable package is loaded.

(/opt/tex/texlive2020/texmf-dist/tex/latex/caption/ltcaption.sty
Package: ltcaption 2018/08/26 v1.4a longtable captions (AR)
))
(/opt/tex/texlive2020/texmf-dist/tex/latex/etoc/etoc.sty
Package: etoc 2019/11/17 v1.09b Completely customisable TOCs (JFB)
\Etoc@toctoks=\toks33
\c@etoc@tocid=\count300
\c@etoc@tocdepth=\count301
\etoc@framed@titlebox=\box112
\etoc@framed@contentsbox=\box113
)
(/opt/tex/texlive2020/texmf-dist/tex/latex/l3backend/l3backend-pdfmode.def
File: l3backend-pdfmode.def 2020-03-12 L3 backend support: PDF mode
\l__kernel_color_stack_int=\count302
\l__pdf_internal_box=\box114
)
(./refman.aux)
\openout1 = `refman.aux'.

LaTeX Font Info:    Checking defaults for OML/cmm/m/it on input line 149.
LaTeX Font Info:    ... okay on input line 149.
LaTeX Font Info:    Checking defaults for OMS/cmsy/m/n on input line 149.
LaTeX Font Info:    ... okay on input line 149.
LaTeX Font Info:    Checking defaults for OT1/cmr/m/n on input line 149.
LaTeX Font Info:    ... okay on input line 149.
LaTeX Font Info:    Checking defaults for T1/cmr/m/n on input line 149.
LaTeX Font Info:    ... okay on input line 149.
LaTeX Font Info:    Checking defaults for TS1/cmr/m/n on input line 149.
LaTeX Font Info:    ... okay on input line 149.
LaTeX Font Info:    Checking defaults for OMX/cmex/m/n on input line 149.
LaTeX Font Info:    ... okay on input line 149.
LaTeX Font Info:    Checking defaults for U/cmr/m/n on input line 149.
LaTeX Font Info:    ... okay on input line 149.
LaTeX Font Info:    Checking defaults for PD1/pdf/m/n on input line 149.
LaTeX Font Info:    ... okay on input line 149.
LaTeX Font Info:    Checking defaults for PU/pdf/m/n on input line 149.
LaTeX Font Info:    ... okay on input line 149.
LaTeX Font Info:    Trying to load font information for T1+phv on input line 14
9.
 (/opt/tex/texlive2020/texmf-dist/tex/latex/psnfss/t1phv.fd
File: t1phv.fd 2001/06/04 scalable font definitions for T1/phv.


LaTeX Warning: Font shape declaration has incorrect series value `mc'.
               It should not contain an `m'! Please correct it.
               Found on input line 20.


LaTeX Warning: Font shape declaration has incorrect series value `mc'.
               It should not contain an `m'! Please correct it.
               Found on input line 23.


LaTeX Warning: Font shape declaration has incorrect series value `mc'.
               It should not contain an `m'! Please correct it.
               Found on input line 26.


LaTeX Warning: Font shape declaration has incorrect series value `mc'.
               It should not contain an `m'! Please correct it.
               Found on input line 46.

)
LaTeX Font Info:    Font shape `T1/phv/m/n' will be
(Font)              scaled to size 8.99994pt on input line 149.
 (/opt/tex/texlive2020/texmf-dist/tex/context/base/mkii/supp-pdf.mkii
[Loading MPS to PDF converter (version 2006.09.02).]
\scratchcounter=\count303
\scratchdimen=\dimen258
\scratchbox=\box115
\nofMPsegments=\count304
\nofMParguments=\count305
\everyMPshowfont=\toks34
\MPscratchCnt=\count306
\MPscratchDim=\dimen259
\MPnumerator=\count307
\makeMPintoPDFobject=\count308
\everyMPtoPDFconversion=\toks35
) (/opt/tex/texlive2020/texmf-dist/tex/latex/epstopdf-pkg/epstopdf-base.sty
Package: epstopdf-base 2020-01-24 v2.11 Base part for package epstopdf
Package epstopdf-base Info: Redefining graphics rule for `.eps' on input line 4
85.

(/opt/tex/texlive2020/texmf-dist/tex/latex/latexconfig/epstopdf-sys.cfg
File: epstopdf-sys.cfg 2010/07/13 v1.3 Configuration of (r)epstopdf for TeX Liv
e
))
*geometry* driver: auto-detecting
*geometry* detected driver: pdftex
*geometry* verbose mode - [ preamble ] result:
* driver: pdftex
* paper: a4paper
* layout: <same size as paper>
* layoutoffset:(h,v)=(0.0pt,0.0pt)
* modes: twoside 
* h-part:(L,W,R)=(71.13188pt, 455.24411pt, 71.13188pt)
* v-part:(T,H,B)=(71.13188pt, 702.78308pt, 71.13188pt)
* \paperwidth=597.50787pt
* \paperheight=845.04684pt
* \textwidth=455.24411pt
* \textheight=702.78308pt
* \oddsidemargin=-1.1381pt
* \evensidemargin=-1.1381pt
* \topmargin=-31.2056pt
* \headheight=12.0pt
* \headsep=18.06749pt
* \topskip=10.0pt
* \footskip=25.29494pt
* \marginparwidth=125.0pt
* \marginparsep=7.0pt
* \columnsep=10.0pt
* \skip\footins=9.0pt plus 4.0pt minus 2.0pt
* \hoffset=0.0pt
* \voffset=0.0pt
* \mag=1000
* \@twocolumnfalse
* \@twosidetrue
* \@mparswitchtrue
* \@reversemarginfalse
* (1in=72.27pt=25.4mm, 1cm=28.453pt)

Package backref Info: ** backref set up for natbib ** on input line 149.
\AtBeginShipoutBox=\box116
Package hyperref Info: Link coloring ON on input line 149.
(/opt/tex/texlive2020/texmf-dist/tex/latex/hyperref/nameref.sty
Package: nameref 2019/09/16 v2.46 Cross-referencing by name of section

(/opt/tex/texlive2020/texmf-dist/tex/latex/refcount/refcount.sty
Package: refcount 2019/12/15 v3.6 Data extraction from label references (HO)
)
(/opt/tex/texlive2020/texmf-dist/tex/generic/gettitlestring/gettitlestring.sty
Package: gettitlestring 2019/12/15 v1.6 Cleanup title references (HO)
)
\c@section@level=\count309
)
LaTeX Info: Redefining \ref on input line 149.
LaTeX Info: Redefining \pageref on input line 149.
LaTeX Info: Redefining \nameref on input line 149.
 (./refman.out) (./refman.out)
\@outlinefile=\write5
\openout5 = `refman.out'.

Package caption Info: Begin \AtBeginDocument code.
Package caption Info: End \AtBeginDocument code.
\Etoc@tf=\read4
Package hyperref Info: Option `pageanchor' set `false' on input line 156.
Package hyperref Info: Option `bookmarksnumbered' set `true' on input line 156.

Package hyperref Info: Option `unicode' set `true' on input line 156.
LaTeX Font Info:    Font shape `T1/phv/m/n' will be
(Font)              scaled to size 12.9599pt on input line 161.
LaTeX Font Info:    Font shape `T1/phv/m/n' will be
(Font)              scaled to size 10.79993pt on input line 161.
LaTeX Font Info:    Font shape `T1/phv/m/n' will be
(Font)              scaled to size 6.29996pt on input line 161.
LaTeX Font Info:    Trying to load font information for U+msa on input line 161
.

(/opt/tex/texlive2020/texmf-dist/tex/latex/amsfonts/umsa.fd
File: umsa.fd 2013/01/14 v3.01 AMS symbols A
)
LaTeX Font Info:    Trying to load font information for U+msb on input line 161
.

(/opt/tex/texlive2020/texmf-dist/tex/latex/amsfonts/umsb.fd
File: umsb.fd 2013/01/14 v3.01 AMS symbols B
)
LaTeX Font Info:    Trying to load font information for U+wasy on input line 16
1.

(/opt/tex/texlive2020/texmf-dist/tex/latex/wasysym/uwasy.fd
File: uwasy.fd 2020/01/19 v2.4 Wasy-2 symbol font definitions
) [1


{/opt/tex/texlive2020/texmf-var/fonts/map/pdftex/updmap/pdftex.map}] [2

]
\tf@toc=\write6
\openout6 = `refman.toc'.

LaTeX Font Info:    Font shape `T1/phv/b/n' will be
(Font)              scaled to size 8.99994pt on input line 169.
LaTeX Font Info:    Font shape `T1/phv/b/n' will be
(Font)              scaled to size 6.29996pt on input line 169.
 [1] [2] [3] [4]
[5] [6] [7] [8] [9] [10

]
Package hyperref Info: Option `pageanchor' set `true' on input line 171.

Chapter 1.
LaTeX Font Info:    Font shape `T1/phv/m/n' will be
(Font)              scaled to size 18.66588pt on input line 174.
LaTeX Font Info:    Font shape `T1/phv/b/n' will be
(Font)              scaled to size 18.66588pt on input line 174.
LaTeX Font Info:    Font shape `T1/phv/bc/n' will be
(Font)              scaled to size 18.66588pt on input line 174.
LaTeX Font Info:    Font shape `T1/phv/m/n' will be
(Font)              scaled to size 22.39185pt on input line 174.
LaTeX Font Info:    Font shape `T1/phv/b/n' will be
(Font)              scaled to size 22.39185pt on input line 174.
LaTeX Font Info:    Font shape `T1/phv/bc/n' will be
(Font)              scaled to size 22.39185pt on input line 174.
(./index.tex
LaTeX Font Info:    Font shape `T1/phv/b/n' will be
(Font)              scaled to size 12.9599pt on input line 1.
LaTeX Font Info:    Trying to load font information for TS1+phv on input line 6
.
 (/opt/tex/texlive2020/texmf-dist/tex/latex/psnfss/ts1phv.fd
File: ts1phv.fd 2001/06/04 scalable font definitions for TS1/phv.


LaTeX Warning: Font shape declaration has incorrect series value `mc'.
               It should not contain an `m'! Please correct it.
               Found on input line 17.


LaTeX Warning: Font shape declaration has incorrect series value `mc'.
               It should not contain an `m'! Please correct it.
               Found on input line 20.


LaTeX Warning: Font shape declaration has incorrect series value `mc'.
               It should not contain an `m'! Please correct it.
               Found on input line 34.

)
LaTeX Font Info:    Font shape `TS1/phv/m/n' will be
(Font)              scaled to size 8.99994pt on input line 6.
) [1

] [2

]
Chapter 2.
(./md_math.tex
LaTeX Font Info:    Trying to load font information for T1+pcr on input line 2.

 (/opt/tex/texlive2020/texmf-dist/tex/latex/psnfss/t1pcr.fd
File: t1pcr.fd 2001/06/04 font definitions for T1/pcr.
))
[3] [4

]
Chapter 3.
(./md_uq.tex) [5] [6

]
Chapter 4.
(./namespaces.tex) [7] [8

]
Chapter 5.
(./files.tex) [9] [10

]
Chapter 6.
(./namespacecheckpointing.tex
LaTeX Font Info:    Font shape `T1/phv/b/n' will be
(Font)              scaled to size 10.79993pt on input line 10.
) (./namespaceconvergence__test.tex
LaTeX Font Info:    Font shape `T1/phv/m/n' will be
(Font)              scaled to size 7.19995pt on input line 35.
 [11])
(./namespacemixed__parallel__strat__test.tex [12] [13])
(./namespace_m_k_l__threads__test.tex [14] [15]) (./namespacenc__output.tex
[16]
LaTeX Font Info:    Font shape `T1/pcr/m/it' in size <8> not available
(Font)              Font shape `T1/pcr/m/sl' tried instead on input line 25.
LaTeX Font Info:    Font shape `T1/pcr/m/it' in size <7> not available
(Font)              Font shape `T1/pcr/m/sl' tried instead on input line 35.
) (./namespaceplotter.tex
LaTeX Font Info:    Font shape `T1/phv/m/n' will be
(Font)              scaled to size 8.09995pt on input line 12.
LaTeX Font Info:    Font shape `T1/phv/m/it' in size <9> not available
(Font)              Font shape `T1/phv/m/sl' tried instead on input line 12.
LaTeX Font Info:    Font shape `T1/phv/m/sl' will be
(Font)              scaled to size 8.09995pt on input line 12.
LaTeX Font Info:    Font shape `T1/phv/m/it' in size <7> not available
(Font)              Font shape `T1/phv/m/sl' tried instead on input line 12.
LaTeX Font Info:    Font shape `T1/phv/m/sl' will be
(Font)              scaled to size 6.29996pt on input line 12.

Underfull \hbox (badness 1168) in paragraph at lines 15--16
[]\T1/phv/m/n/10 def [] (in-ter-val-time, dr, [], node-num, cstore, time[]_[]ax
is, Save[]Final[]State=False,
 []

[17] [18] [19]
Underfull \hbox (badness 892) in paragraph at lines 116--117
[]\T1/phv/m/n/10 Uses the fact that the av-er-age con-cen-tra-tion of lithium i
n a sphere at any timestep can be found from
 []

[20]
Overfull \vbox (33.90202pt too high) has occurred while \output is active []


[21]) (./namespaceread__inputs.tex) (./namespacesensitivity__analysis.tex
[22] [23]
LaTeX Font Info:    Trying to load font information for TS1+pcr on input line 1
41.
 (/opt/tex/texlive2020/texmf-dist/tex/latex/psnfss/ts1pcr.fd
File: ts1pcr.fd 2001/06/04 font definitions for TS1/pcr.
))
(./namespace_uncertainty___propagation.tex
LaTeX Font Info:    Font shape `TS1/phv/m/it' in size <9> not available
(Font)              Font shape `TS1/phv/m/sl' tried instead on input line 17.
LaTeX Font Info:    Font shape `TS1/phv/m/sl' will be
(Font)              scaled to size 8.09995pt on input line 17.
 [24] [25] [26] [27] [28] [29]
[30] [31]
Overfull \hbox (43.3377pt too wide) in paragraph at lines 517--518
\T1/pcr/m/n/8 neg[]_[]voltage = []([],[],[],[],neg[]
 []

[32]
Overfull \hbox (43.3377pt too wide) in paragraph at lines 615--616
\T1/pcr/m/n/8 pos[]_[]voltage = []([],[],[],[],pos[]
 []

[33] [34] [35]) (./namespaceunit__test.tex) (./namespaceuser__input.tex
[36] [37] [38] [39] [40]) (./namespaceuser__input__full__battery___g_i_t_t.tex
LaTeX Font Info:    Font shape `T1/pcr/m/it' in size <9> not available
(Font)              Font shape `T1/pcr/m/sl' tried instead on input line 11.

[41] [42] [43] [44] [45] [46] [47] [48]) (./namespaceuser__input__mod.tex
[49] [50]
Overfull \hbox (250.35634pt too wide) in paragraph at lines 64--64
[]\T1/pcr/m/n/8 @param[in] filename: The name of the file containing the desire
d input, either a checkpoint file or user input file. No file extension is requ
ired.[] 
 []


Overfull \hbox (43.9562pt too wide) in paragraph at lines 86--86
[]\T1/pcr/m/n/8 @details Calls the SPM solver using the subprocess package for 
both the anode and cathode simultaneously 
 []


Overfull \hbox (255.15634pt too wide) in paragraph at lines 90--90
[]\T1/pcr/m/n/8 @param[in] filename_positive: The name of the positive output f
ile, this must be a string and have max 50 characters. No file extension is req
uired.[] 
 []


Overfull \hbox (255.15634pt too wide) in paragraph at lines 91--91
[]\T1/pcr/m/n/8 @param[in] filename_negative: The name of the negative output f
ile, this must be a string and have max 50 characters. No file extension is req
uired.[] 
 []


Overfull \hbox (15.15619pt too wide) in paragraph at lines 107--107
[]\T1/pcr/m/n/8 @brief Calculates the initial concentrations for each step in a
 multi-step parallelised GITT test. 
 []

[51]
Overfull \hbox (53.55621pt too wide) in paragraph at lines 109--109
[]\T1/pcr/m/n/8 @details Computes initial flat concentrations for the initial s
tep of a parallelised multi-step GITT test.[] 
 []


Overfull \hbox (77.55623pt too wide) in paragraph at lines 114--114
[]\T1/pcr/m/n/8 As current is defined as positive for charging, the sign of the
 current vector must be flipped when considering[] 
 []


Overfull \hbox (163.95628pt too wide) in paragraph at lines 117--117
[]\T1/pcr/m/n/8 @param[in] currents  A vector containing current values to appl
y at each current step, must be floats and have the same length as[] 
 []


Overfull \hbox (115.95625pt too wide) in paragraph at lines 119--119
[]\T1/pcr/m/n/8 @param[in] run_times  A vector containing the run time of each 
current step, must be floats and have the same length as[] 
 []


Overfull \hbox (269.55635pt too wide) in paragraph at lines 141--141
[]\T1/pcr/m/n/8 @details Executes the SPM solver in parallel to run a test expe
riment on a full cell using a galvanostatic intermittent titration technique (G
ITT), see 
 []


Overfull \hbox (255.15634pt too wide) in paragraph at lines 144--144
[]\T1/pcr/m/n/8 Due to the equilibration time between each current step applied
, it is possible to pre-compute initial constant concentration for each of the 
single[] 
 []


Overfull \hbox (202.35631pt too wide) in paragraph at lines 147--147
[]\T1/pcr/m/n/8 @param[in] filename_positive  Name of user input file for the c
athode, no file extension. Note that a version of this file is created for[] 
 []


Overfull \hbox (192.7563pt too wide) in paragraph at lines 149--149
[]\T1/pcr/m/n/8 @param[in] filename_negative  Name of user input file for the a
node, no file extension. Note that a version of this file is created for[] 
 []


Overfull \hbox (159.15628pt too wide) in paragraph at lines 153--153
[]\T1/pcr/m/n/8 @param[in] currents  A vector containing the values of current 
to apply at each step, must be floats and have the same length as[] 
 []


Overfull \hbox (139.95627pt too wide) in paragraph at lines 155--155
[]\T1/pcr/m/n/8 @param[in] start_times  A vector containing the start times of 
each current step, must be floats and have the same length as[] 
 []


Overfull \hbox (115.95625pt too wide) in paragraph at lines 157--157
[]\T1/pcr/m/n/8 @param[in] run_times  A vector containing the run time of each 
current step, must be floats and have the same length as[] 
 []

[52]
Overfull \hbox (125.55626pt too wide) in paragraph at lines 159--159
[]\T1/pcr/m/n/8 @param[in] wait_times  A vector containing the wait time of eac
h current step, must be floats and have the same length as[] 
 []


Overfull \hbox (269.55635pt too wide) in paragraph at lines 182--182
[]\T1/pcr/m/n/8 @details Executes the SPM solver in parallel to run a test expe
riment on a half cell using a galvanostatic intermittent titration technique (G
ITT), see 
 []


Overfull \hbox (255.15634pt too wide) in paragraph at lines 185--185
[]\T1/pcr/m/n/8 Due to the equilibration time between each current step applied
, it is possible to pre-compute initial constant concentration for each of the 
single[] 
 []


Overfull \hbox (293.55637pt too wide) in paragraph at lines 190--190
[]\T1/pcr/m/n/8 @param[in] filename  Name of user input file, no file extension
. Note that a version of this file is created for each current step applied in 
the GITT test.[] 
 []


Overfull \hbox (159.15628pt too wide) in paragraph at lines 193--193
[]\T1/pcr/m/n/8 @param[in] currents  A vector containing the values of current 
to apply at each step, must be floats and have the same length as[] 
 []


Overfull \hbox (139.95627pt too wide) in paragraph at lines 195--195
[]\T1/pcr/m/n/8 @param[in] start_times  A vector containing the start times of 
each current step, must be floats and have the same length as[] 
 []


Overfull \hbox (115.95625pt too wide) in paragraph at lines 197--197
[]\T1/pcr/m/n/8 @param[in] run_times  A vector containing the run time of each 
current step, must be floats and have the same length as[] 
 []


Overfull \hbox (125.55626pt too wide) in paragraph at lines 199--199
[]\T1/pcr/m/n/8 @param[in] wait_times  A vector containing the wait time of eac
h current step, must be floats and have the same length as[] 
 []


Overfull \hbox (82.35623pt too wide) in paragraph at lines 202--202
[]\T1/pcr/m/n/8 @param[in] params: A vector containing the parameters for the s
imulation: [dt, c0, D, R, a, L, electrode_charge][] 
 []

[53]
Overfull \hbox (283.95636pt too wide) in paragraph at lines 267--267
[]\T1/pcr/m/n/8 @param[in] iapp_steps 2D Array containing heights of the steps 
and the timesteps at which step occurs, starting at timestep 0. Timesteps must 
be integers.[] 
 []

[54]
Overfull \hbox (24.7562pt too wide) in paragraph at lines 291--291
[]\T1/pcr/m/n/8 @details Given a user supplied number of processors, as well as
 further details about the simulation 
 []


Overfull \hbox (48.75621pt too wide) in paragraph at lines 292--292
[]\T1/pcr/m/n/8 (the number of current steps if it's a GITT test, if the simula
tion is a full cell or not), this function[] 
 []


Overfull \hbox (19.95619pt too wide) in paragraph at lines 293--293
[]\T1/pcr/m/n/8 decides on the optimum number of threads to use. It never picks
 a number of threads greater than 4,[] 
 []


Overfull \hbox (87.15623pt too wide) in paragraph at lines 294--294
[]\T1/pcr/m/n/8 as any larger than this and the communication overhead between 
threads during the matrix solve begins to dominate[] 
 []


Overfull \hbox (77.55623pt too wide) in paragraph at lines 295--295
[]\T1/pcr/m/n/8 and the computation time increases. This function therefore all
ows a balanced optimum parallelisation strategy.[] 
 []


Overfull \hbox (163.95628pt too wide) in paragraph at lines 296--296
[]\T1/pcr/m/n/8 @param[in] n_procs: The number of processors that the user is h
appy for the program to exploit. The program will exploit a number[] 
 []


Overfull \hbox (159.15628pt too wide) in paragraph at lines 298--298
[]\T1/pcr/m/n/8 @param[in] n_gitt_steps: The number of GITT steps if the experi
ment being performed is a GITT test. 1 by default (in the case of[] 
 []


Overfull \hbox (144.75627pt too wide) in paragraph at lines 300--300
[]\T1/pcr/m/n/8 @param[in] full_battery: Bool, True means that both sides of a 
battery are being simulated, whilst False means only one side.[] 
 []


Overfull \hbox (130.35626pt too wide) in paragraph at lines 303--303
[]\T1/pcr/m/n/8 1. Deciding what number of threads is best to use given the typ
e of simulation and input parameters, up to a maximum of 4.[] 
 []


Overfull \hbox (178.3563pt too wide) in paragraph at lines 304--304
[]   \T1/pcr/m/n/8 Note that this is based off the principle that parallelisati
on over independent seperate instances of the solver is always better[] 
 []


Underfull \hbox (badness 1859) in paragraph at lines 322--323
[]\T1/phv/m/n/10 Gives the de-fault pa-ram-e-ter val-ues, ob-tained from Chen e
t al. 2020, [][] \T1/pcr/m/n/10 https[]://doi.[]org/10.[]
 []


Underfull \hbox (badness 1859) in paragraph at lines 338--339
[]\T1/phv/m/n/10 Gives the de-fault pa-ram-e-ter val-ues, ob-tained from Chen e
t al. 2020, [][] \T1/pcr/m/n/10 https[]://doi.[]org/10.[]
 []


Overfull \hbox (135.15627pt too wide) in paragraph at lines 352--352
[]\T1/pcr/m/n/8 @details Verifies that the parameters output iapp and iapp_labe
l have the correct types, valid values, and correct lengths. 
 []

[55]
Overfull \hbox (72.75623pt too wide) in paragraph at lines 372--372
[]\T1/pcr/m/n/8 @details Verifies that output filename, tsteps, dt, c0, D, R, a
, and L have the correct type and valid values. 
 []


Overfull \hbox (168.75629pt too wide) in paragraph at lines 375--375
[]\T1/pcr/m/n/8 @param[in] filename  The name of the output file, this must be 
a string and have max 50 characters. No file extension is required.[] 
 []


Overfull \hbox (96.75624pt too wide) in paragraph at lines 384--384
[]\T1/pcr/m/n/8 @param[in] electrode_charge  Labels charge of the electrode, mu
st b a string, 'p' for positive or 'n' for negative.[] 
 []

[56]
Overfull \hbox (91.95624pt too wide) in paragraph at lines 402--402
[]\T1/pcr/m/n/8 tsteps, dt, c0, D, R, a, L, electrode_charge are output to the 
top of the file, followed by an asterix line (***).[] 
 []


Overfull \hbox (63.15622pt too wide) in paragraph at lines 403--403
[]\T1/pcr/m/n/8 iapp_label is output below the asterix line, with iapp array th
e following it, written one element per line.[] 
 []

) (./namespaceuser__input__parallel__simulation.tex [57] [58] [59] [60]
[61]) [62]
Chapter 7.
(./checkpointing_8f90.tex [63

] [64] [65] [66] [67] [68] [69] [70])
(./convergence__test_8py.tex [71]) (./math_8md.tex) (./uq_8md.tex)
(./finite__diff__solver_8f90.tex) (./mixed__parallel__strat__test_8py.tex
[72]) (./_m_k_l__threads__test_8py.tex) (./nc__output_8f90.tex [73])
(./plotter_8py.tex
Underfull \hbox (badness 1168) in paragraph at lines 15--16
[]\T1/phv/m/n/10 def [] (in-ter-val-time, dr, [], node-num, cstore, time[]_[]ax
is, Save[]Final[]State=False,
 []

) (./read__inputs_8f90.tex [74] [75] [76] [77] [78])
(./sensitivity__analysis_8py.tex [79]) (./_uncertainty___propagation_8py.tex
[80] [81]) (./unit__test_8py.tex) (./user__input_8py.tex [82])
(./user__input__full__battery___g_i_t_t_8py.tex [83])
(./user__input__mod_8py.tex [84]) (./user__input__parallel__simulation_8py.tex
[85]) [86] (./refman.ind
Overfull \hbox (41.22588pt too wide) in paragraph at lines 3--5
[]\T1/phv/m/n/10 /home/chem/msuvnj/PX915_GroupB_22-23/MKL_threads_test.py,
 []


Overfull \hbox (67.59528pt too wide) in paragraph at lines 5--7
[]\T1/phv/m/n/10 /home/chem/msuvnj/PX915_GroupB_22-23/Uncertainty_Propagation.p
y,
 []


Overfull \hbox (26.31316pt too wide) in paragraph at lines 7--9
[]\T1/phv/m/n/10 /home/chem/msuvnj/PX915_GroupB_22-23/checkpointing.f90,
 []


Overfull \hbox (38.82307pt too wide) in paragraph at lines 9--11
[]\T1/phv/m/n/10 /home/chem/msuvnj/PX915_GroupB_22-23/convergence_test.py,
 []


Overfull \hbox (35.8169pt too wide) in paragraph at lines 11--13
[]\T1/phv/m/n/10 /home/chem/msuvnj/PX915_GroupB_22-23/finite_diff_solver.f90,
 []


Overfull \hbox (67.77539pt too wide) in paragraph at lines 13--15
[]\T1/phv/m/n/10 /home/chem/msuvnj/PX915_GroupB_22-23/mixed_parallel_strat_test
.py,
 []


Underfull \hbox (badness 10000) in paragraph at lines 17--19
[]\T1/phv/m/n/10 /home/chem/msuvnj/PX915_GroupB_22-23/plotter.py,
 []


Overfull \hbox (18.35724pt too wide) in paragraph at lines 19--21
[]\T1/phv/m/n/10 /home/chem/msuvnj/PX915_GroupB_22-23/read_inputs.f90,
 []


Overfull \hbox (44.57416pt too wide) in paragraph at lines 21--23
[]\T1/phv/m/n/10 /home/chem/msuvnj/PX915_GroupB_22-23/sensitivity_analysis.py,
 []


Overfull \hbox (83.92993pt too wide) in paragraph at lines 27--29
[]\T1/phv/m/n/10 /home/chem/msuvnj/PX915_GroupB_22-23/user_input_full_battery_G
ITT.py,
 []


Overfull \hbox (32.7211pt too wide) in paragraph at lines 29--31
[]\T1/phv/m/n/10 /home/chem/msuvnj/PX915_GroupB_22-23/user_input_mod.py,
 []


Overfull \hbox (89.55498pt too wide) in paragraph at lines 31--33
[]\T1/phv/m/n/10 /home/chem/msuvnj/PX915_GroupB_22-23/user_input_parallel_simul
ation.py,
 []

[87



] [88] [89] [90] [91] [92] [93] [94

])
Package atveryend Info: Empty hook `BeforeClearDocument' on input line 231.
Package atveryend Info: Empty hook `AfterLastShipout' on input line 231.
 (./refman.aux)
Package atveryend Info: Executing hook `AtVeryEndDocument' on input line 231.
Package atveryend Info: Executing hook `AtEndAfterFileList' on input line 231.
Package rerunfilecheck Info: File `refman.out' has not changed.
(rerunfilecheck)             Checksum: FE1CA3D10A9DE457C6A0823F39A617B5;67084.
 ) 
Here is how much of TeX's memory you used:
 18070 strings out of 480608
 296049 string characters out of 5876120
 626490 words of memory out of 5000000
 32744 multiletter control sequences out of 15000+600000
 591032 words of font info for 96 fonts, out of 8000000 for 9000
 1141 hyphenation exceptions out of 8191
 55i,16n,96p,1201b,627s stack positions out of 5000i,500n,10000p,200000b,80000s
{/opt/tex/texlive2020/texmf-dist/fonts/enc/dvips/base/8r.enc}</opt/tex/texliv
e2020/texmf-dist/fonts/type1/public/amsfonts/cm/cmmi7.pfb></opt/tex/texlive2020
/texmf-dist/fonts/type1/public/amsfonts/cm/cmsy10.pfb></opt/tex/texlive2020/tex
mf-dist/fonts/type1/public/amsfonts/cm/cmsy7.pfb></opt/tex/texlive2020/texmf-di
st/fonts/type1/public/amsfonts/cm/cmsy8.pfb></opt/tex/texlive2020/texmf-dist/fo
nts/type1/urw/courier/ucrr8a.pfb></opt/tex/texlive2020/texmf-dist/fonts/type1/u
rw/courier/ucrro8a.pfb></opt/tex/texlive2020/texmf-dist/fonts/type1/urw/helveti
c/uhvb8a.pfb></opt/tex/texlive2020/texmf-dist/fonts/type1/urw/helvetic/uhvb8ac.
pfb></opt/tex/texlive2020/texmf-dist/fonts/type1/urw/helvetic/uhvr8a.pfb></opt/
tex/texlive2020/texmf-dist/fonts/type1/urw/helvetic/uhvro8a.pfb>
Output written on refman.pdf (106 pages, 327503 bytes).
PDF statistics:
 4341 PDF objects out of 5155 (max. 8388607)
 4181 compressed objects within 42 object streams
 825 named destinations out of 1000 (max. 500000)
 2857 words of extra memory for PDF output out of 10000 (max. 10000000)

