\BOOKMARK [0][-]{chapter.1}{\376\377\0001\000\040\000M\000a\000i\000n\000\040\000P\000a\000g\000e}{}% 1
\BOOKMARK [1][-]{section.1.1}{\376\377\0001\000.\0001\000\040\000I\000n\000t\000r\000o\000d\000u\000c\000t\000i\000o\000n}{chapter.1}% 2
\BOOKMARK [1][-]{section.1.2}{\376\377\0001\000.\0002\000\040\000C\000o\000n\000t\000r\000i\000b\000u\000t\000o\000r\000s}{chapter.1}% 3
\BOOKMARK [0][-]{chapter.2}{\376\377\0002\000\040\000M\000a\000t\000h\000s\000\040\000a\000n\000d\000\040\000T\000h\000e\000o\000r\000y}{}% 4
\BOOKMARK [1][-]{section.2.1}{\376\377\0002\000.\0001\000\040\0001\000\040\000M\000a\000t\000h\000e\000m\000a\000t\000i\000c\000s\000\040\000a\000n\000d\000\040\000A\000l\000g\000o\000r\000i\000t\000h\000m\000s}{chapter.2}% 5
\BOOKMARK [0][-]{chapter.3}{\376\377\0003\000\040\000U\000n\000c\000e\000r\000t\000a\000i\000n\000t\000y\000\040\000Q\000u\000a\000n\000t\000i\000f\000i\000c\000a\000t\000i\000o\000n}{}% 6
\BOOKMARK [1][-]{section.3.1}{\376\377\0003\000.\0001\000\040\000S\000e\000n\000s\000i\000t\000i\000v\000i\000t\000y\000\040\000A\000n\000a\000l\000y\000s\000i\000s}{chapter.3}% 7
\BOOKMARK [1][-]{section.3.2}{\376\377\0003\000.\0002\000\040\000U\000n\000c\000e\000r\000t\000a\000i\000n\000t\000y\000\040\000P\000r\000o\000p\000a\000g\000a\000t\000i\000o\000n}{chapter.3}% 8
\BOOKMARK [0][-]{chapter.4}{\376\377\0004\000\040\000M\000o\000d\000u\000l\000e\000s\000\040\000I\000n\000d\000e\000x}{}% 9
\BOOKMARK [1][-]{section.4.1}{\376\377\0004\000.\0001\000\040\000M\000o\000d\000u\000l\000e\000s\000\040\000L\000i\000s\000t}{chapter.4}% 10
\BOOKMARK [0][-]{chapter.5}{\376\377\0005\000\040\000F\000i\000l\000e\000\040\000I\000n\000d\000e\000x}{}% 11
\BOOKMARK [1][-]{section.5.1}{\376\377\0005\000.\0001\000\040\000F\000i\000l\000e\000\040\000L\000i\000s\000t}{chapter.5}% 12
\BOOKMARK [0][-]{chapter.6}{\376\377\0006\000\040\000M\000o\000d\000u\000l\000e\000\040\000D\000o\000c\000u\000m\000e\000n\000t\000a\000t\000i\000o\000n}{}% 13
\BOOKMARK [1][-]{section.6.1}{\376\377\0006\000.\0001\000\040\000c\000h\000e\000c\000k\000p\000o\000i\000n\000t\000i\000n\000g\000\040\000M\000o\000d\000u\000l\000e\000\040\000R\000e\000f\000e\000r\000e\000n\000c\000e}{chapter.6}% 14
\BOOKMARK [2][-]{subsection.6.1.1}{\376\377\0006\000.\0001\000.\0001\000\040\000D\000e\000t\000a\000i\000l\000e\000d\000\040\000D\000e\000s\000c\000r\000i\000p\000t\000i\000o\000n}{section.6.1}% 15
\BOOKMARK [1][-]{section.6.2}{\376\377\0006\000.\0002\000\040\000c\000o\000n\000v\000e\000r\000g\000e\000n\000c\000e\000\137\000t\000e\000s\000t\000\040\000N\000a\000m\000e\000s\000p\000a\000c\000e\000\040\000R\000e\000f\000e\000r\000e\000n\000c\000e}{chapter.6}% 16
\BOOKMARK [2][-]{subsection.6.2.1}{\376\377\0006\000.\0002\000.\0001\000\040\000D\000e\000t\000a\000i\000l\000e\000d\000\040\000D\000e\000s\000c\000r\000i\000p\000t\000i\000o\000n}{section.6.2}% 17
\BOOKMARK [2][-]{subsection.6.2.2}{\376\377\0006\000.\0002\000.\0002\000\040\000F\000u\000n\000c\000t\000i\000o\000n\000\040\000D\000o\000c\000u\000m\000e\000n\000t\000a\000t\000i\000o\000n}{section.6.2}% 18
\BOOKMARK [3][-]{subsubsection.6.2.2.1}{\376\377\0006\000.\0002\000.\0002\000.\0001\000\040\000r\000u\000n\000\137\000d\000t\000\137\000c\000o\000n\000v\000e\000r\000g\000e\000n\000c\000e\000\050\000\051}{subsection.6.2.2}% 19
\BOOKMARK [3][-]{subsubsection.6.2.2.2}{\376\377\0006\000.\0002\000.\0002\000.\0002\000\040\000r\000u\000n\000\137\000n\000o\000d\000e\000\137\000c\000o\000n\000v\000e\000r\000g\000e\000n\000c\000e\000\050\000\051}{subsection.6.2.2}% 20
\BOOKMARK [1][-]{section.6.3}{\376\377\0006\000.\0003\000\040\000m\000i\000x\000e\000d\000\137\000p\000a\000r\000a\000l\000l\000e\000l\000\137\000s\000t\000r\000a\000t\000\137\000t\000e\000s\000t\000\040\000N\000a\000m\000e\000s\000p\000a\000c\000e\000\040\000R\000e\000f\000e\000r\000e\000n\000c\000e}{chapter.6}% 21
\BOOKMARK [2][-]{subsection.6.3.1}{\376\377\0006\000.\0003\000.\0001\000\040\000D\000e\000t\000a\000i\000l\000e\000d\000\040\000D\000e\000s\000c\000r\000i\000p\000t\000i\000o\000n}{section.6.3}% 22
\BOOKMARK [2][-]{subsection.6.3.2}{\376\377\0006\000.\0003\000.\0002\000\040\000V\000a\000r\000i\000a\000b\000l\000e\000\040\000D\000o\000c\000u\000m\000e\000n\000t\000a\000t\000i\000o\000n}{section.6.3}% 23
\BOOKMARK [3][-]{subsubsection.6.3.2.1}{\376\377\0006\000.\0003\000.\0002\000.\0001\000\040\000d\000t}{subsection.6.3.2}% 24
\BOOKMARK [3][-]{subsubsection.6.3.2.2}{\376\377\0006\000.\0003\000.\0002\000.\0002\000\040\000e\000n\000d}{subsection.6.3.2}% 25
\BOOKMARK [3][-]{subsubsection.6.3.2.3}{\376\377\0006\000.\0003\000.\0002\000.\0003\000\040\000l\000a\000b\000e\000l}{subsection.6.3.2}% 26
\BOOKMARK [3][-]{subsubsection.6.3.2.4}{\376\377\0006\000.\0003\000.\0002\000.\0004\000\040\000n}{subsection.6.3.2}% 27
\BOOKMARK [3][-]{subsubsection.6.3.2.5}{\376\377\0006\000.\0003\000.\0002\000.\0005\000\040\000n\000o\000d\000e\000n\000u\000m}{subsection.6.3.2}% 28
\BOOKMARK [3][-]{subsubsection.6.3.2.6}{\376\377\0006\000.\0003\000.\0002\000.\0006\000\040\000n\000u\000m\000\137\000c\000o\000r\000e\000s}{subsection.6.3.2}% 29
\BOOKMARK [3][-]{subsubsection.6.3.2.7}{\376\377\0006\000.\0003\000.\0002\000.\0007\000\040\000n\000u\000m\000\137\000n\000o\000d\000e\000s}{subsection.6.3.2}% 30
\BOOKMARK [3][-]{subsubsection.6.3.2.8}{\376\377\0006\000.\0003\000.\0002\000.\0008\000\040\000s\000t\000a\000r\000t}{subsection.6.3.2}% 31
\BOOKMARK [3][-]{subsubsection.6.3.2.9}{\376\377\0006\000.\0003\000.\0002\000.\0009\000\040\000t\000i\000m\000e\000s}{subsection.6.3.2}% 32
\BOOKMARK [1][-]{section.6.4}{\376\377\0006\000.\0004\000\040\000M\000K\000L\000\137\000t\000h\000r\000e\000a\000d\000s\000\137\000t\000e\000s\000t\000\040\000N\000a\000m\000e\000s\000p\000a\000c\000e\000\040\000R\000e\000f\000e\000r\000e\000n\000c\000e}{chapter.6}% 33
\BOOKMARK [2][-]{subsection.6.4.1}{\376\377\0006\000.\0004\000.\0001\000\040\000D\000e\000t\000a\000i\000l\000e\000d\000\040\000D\000e\000s\000c\000r\000i\000p\000t\000i\000o\000n}{section.6.4}% 34
\BOOKMARK [2][-]{subsection.6.4.2}{\376\377\0006\000.\0004\000.\0002\000\040\000V\000a\000r\000i\000a\000b\000l\000e\000\040\000D\000o\000c\000u\000m\000e\000n\000t\000a\000t\000i\000o\000n}{section.6.4}% 35
\BOOKMARK [3][-]{subsubsection.6.4.2.1}{\376\377\0006\000.\0004\000.\0002\000.\0001\000\040\000d\000t}{subsection.6.4.2}% 36
\BOOKMARK [3][-]{subsubsection.6.4.2.2}{\376\377\0006\000.\0004\000.\0002\000.\0002\000\040\000e\000n\000d}{subsection.6.4.2}% 37
\BOOKMARK [3][-]{subsubsection.6.4.2.3}{\376\377\0006\000.\0004\000.\0002\000.\0003\000\040\000l\000a\000b\000e\000l}{subsection.6.4.2}% 38
\BOOKMARK [3][-]{subsubsection.6.4.2.4}{\376\377\0006\000.\0004\000.\0002\000.\0004\000\040\000n}{subsection.6.4.2}% 39
\BOOKMARK [3][-]{subsubsection.6.4.2.5}{\376\377\0006\000.\0004\000.\0002\000.\0005\000\040\000n\000o\000d\000e\000n\000u\000m}{subsection.6.4.2}% 40
\BOOKMARK [3][-]{subsubsection.6.4.2.6}{\376\377\0006\000.\0004\000.\0002\000.\0006\000\040\000n\000u\000m\000\137\000n\000o\000d\000e\000s}{subsection.6.4.2}% 41
\BOOKMARK [3][-]{subsubsection.6.4.2.7}{\376\377\0006\000.\0004\000.\0002\000.\0007\000\040\000n\000u\000m\000\137\000t\000h\000r\000e\000a\000d\000s}{subsection.6.4.2}% 42
\BOOKMARK [3][-]{subsubsection.6.4.2.8}{\376\377\0006\000.\0004\000.\0002\000.\0008\000\040\000s\000t\000a\000r\000t}{subsection.6.4.2}% 43
\BOOKMARK [3][-]{subsubsection.6.4.2.9}{\376\377\0006\000.\0004\000.\0002\000.\0009\000\040\000t\000i\000m\000e\000s}{subsection.6.4.2}% 44
\BOOKMARK [1][-]{section.6.5}{\376\377\0006\000.\0005\000\040\000n\000c\000\137\000o\000u\000t\000p\000u\000t\000\040\000M\000o\000d\000u\000l\000e\000\040\000R\000e\000f\000e\000r\000e\000n\000c\000e}{chapter.6}% 45
\BOOKMARK [2][-]{subsection.6.5.1}{\376\377\0006\000.\0005\000.\0001\000\040\000D\000e\000t\000a\000i\000l\000e\000d\000\040\000D\000e\000s\000c\000r\000i\000p\000t\000i\000o\000n}{section.6.5}% 46
\BOOKMARK [2][-]{subsection.6.5.2}{\376\377\0006\000.\0005\000.\0002\000\040\000F\000u\000n\000c\000t\000i\000o\000n\000/\000S\000u\000b\000r\000o\000u\000t\000i\000n\000e\000\040\000D\000o\000c\000u\000m\000e\000n\000t\000a\000t\000i\000o\000n}{section.6.5}% 47
\BOOKMARK [3][-]{subsubsection.6.5.2.1}{\376\377\0006\000.\0005\000.\0002\000.\0001\000\040\000c\000h\000e\000c\000k\000\050\000\051}{subsection.6.5.2}% 48
\BOOKMARK [3][-]{subsubsection.6.5.2.2}{\376\377\0006\000.\0005\000.\0002\000.\0002\000\040\000o\000u\000t\000p\000u\000t\000\137\000c\000s\000t\000o\000r\000a\000g\000e\000\050\000\051}{subsection.6.5.2}% 49
\BOOKMARK [1][-]{section.6.6}{\376\377\0006\000.\0006\000\040\000p\000l\000o\000t\000t\000e\000r\000\040\000N\000a\000m\000e\000s\000p\000a\000c\000e\000\040\000R\000e\000f\000e\000r\000e\000n\000c\000e}{chapter.6}% 50
\BOOKMARK [2][-]{subsection.6.6.1}{\376\377\0006\000.\0006\000.\0001\000\040\000D\000e\000t\000a\000i\000l\000e\000d\000\040\000D\000e\000s\000c\000r\000i\000p\000t\000i\000o\000n}{section.6.6}% 51
\BOOKMARK [2][-]{subsection.6.6.2}{\376\377\0006\000.\0006\000.\0002\000\040\000F\000u\000n\000c\000t\000i\000o\000n\000\040\000D\000o\000c\000u\000m\000e\000n\000t\000a\000t\000i\000o\000n}{section.6.6}% 52
\BOOKMARK [3][-]{subsubsection.6.6.2.1}{\376\377\0006\000.\0006\000.\0002\000.\0001\000\040\000a\000n\000i\000m\000a\000t\000e\000d\000\137\000c\000o\000n\000c\000\137\000p\000l\000o\000t\000\050\000\051}{subsection.6.6.2}% 53
\BOOKMARK [3][-]{subsubsection.6.6.2.2}{\376\377\0006\000.\0006\000.\0002\000.\0002\000\040\000f\000u\000l\000l\000\137\000b\000a\000t\000t\000e\000r\000y\000\137\000G\000I\000T\000T\000\137\000p\000l\000o\000t\000s\000\050\000\051}{subsection.6.6.2}% 54
\BOOKMARK [3][-]{subsubsection.6.6.2.3}{\376\377\0006\000.\0006\000.\0002\000.\0003\000\040\000g\000e\000n\000\137\000h\000a\000l\000f\000\137\000c\000e\000l\000l\000\137\000v\000o\000l\000t\000a\000g\000e\000\050\000\051}{subsection.6.6.2}% 55
\BOOKMARK [3][-]{subsubsection.6.6.2.4}{\376\377\0006\000.\0006\000.\0002\000.\0004\000\040\000g\000e\000n\000\137\000p\000l\000o\000t\000s\000\050\000\051}{subsection.6.6.2}% 56
\BOOKMARK [3][-]{subsubsection.6.6.2.5}{\376\377\0006\000.\0006\000.\0002\000.\0005\000\040\000g\000e\000t\000\137\000a\000v\000g\000\137\000l\000i\000\137\000c\000o\000n\000c\000\050\000\051}{subsection.6.6.2}% 57
\BOOKMARK [3][-]{subsubsection.6.6.2.6}{\376\377\0006\000.\0006\000.\0002\000.\0006\000\040\000p\000l\000o\000t\000\137\000h\000a\000l\000f\000c\000e\000l\000l\000\137\000G\000I\000T\000T\000\137\000r\000e\000s\000u\000l\000t\000\050\000\051}{subsection.6.6.2}% 58
\BOOKMARK [3][-]{subsubsection.6.6.2.7}{\376\377\0006\000.\0006\000.\0002\000.\0007\000\040\000r\000e\000a\000d\000\137\000i\000n\000p\000u\000t\000\137\000c\000u\000r\000r\000e\000n\000t\000\050\000\051}{subsection.6.6.2}% 59
\BOOKMARK [3][-]{subsubsection.6.6.2.8}{\376\377\0006\000.\0006\000.\0002\000.\0008\000\040\000r\000e\000a\000d\000\137\000o\000u\000t\000p\000u\000t\000\137\000f\000i\000l\000e\000\050\000\051}{subsection.6.6.2}% 60
\BOOKMARK [3][-]{subsubsection.6.6.2.9}{\376\377\0006\000.\0006\000.\0002\000.\0009\000\040\000v\000o\000l\000t\000a\000g\000e\000\137\000c\000u\000r\000r\000e\000n\000t\000\137\000p\000l\000o\000t\000\050\000\051}{subsection.6.6.2}% 61
\BOOKMARK [1][-]{section.6.7}{\376\377\0006\000.\0007\000\040\000r\000e\000a\000d\000\137\000i\000n\000p\000u\000t\000s\000\040\000M\000o\000d\000u\000l\000e\000\040\000R\000e\000f\000e\000r\000e\000n\000c\000e}{chapter.6}% 62
\BOOKMARK [2][-]{subsection.6.7.1}{\376\377\0006\000.\0007\000.\0001\000\040\000D\000e\000t\000a\000i\000l\000e\000d\000\040\000D\000e\000s\000c\000r\000i\000p\000t\000i\000o\000n}{section.6.7}% 63
\BOOKMARK [1][-]{section.6.8}{\376\377\0006\000.\0008\000\040\000s\000e\000n\000s\000i\000t\000i\000v\000i\000t\000y\000\137\000a\000n\000a\000l\000y\000s\000i\000s\000\040\000N\000a\000m\000e\000s\000p\000a\000c\000e\000\040\000R\000e\000f\000e\000r\000e\000n\000c\000e}{chapter.6}% 64
\BOOKMARK [2][-]{subsection.6.8.1}{\376\377\0006\000.\0008\000.\0001\000\040\000D\000e\000t\000a\000i\000l\000e\000d\000\040\000D\000e\000s\000c\000r\000i\000p\000t\000i\000o\000n}{section.6.8}% 65
\BOOKMARK [2][-]{subsection.6.8.2}{\376\377\0006\000.\0008\000.\0002\000\040\000F\000u\000n\000c\000t\000i\000o\000n\000\040\000D\000o\000c\000u\000m\000e\000n\000t\000a\000t\000i\000o\000n}{section.6.8}% 66
\BOOKMARK [3][-]{subsubsection.6.8.2.1}{\376\377\0006\000.\0008\000.\0002\000.\0001\000\040\000s\000e\000n\000s\000i\000t\000i\000v\000i\000t\000y\000\137\000o\000v\000e\000r\000\137\000t\000i\000m\000e\000\050\000\051}{subsection.6.8.2}% 67
\BOOKMARK [2][-]{subsection.6.8.3}{\376\377\0006\000.\0008\000.\0003\000\040\000V\000a\000r\000i\000a\000b\000l\000e\000\040\000D\000o\000c\000u\000m\000e\000n\000t\000a\000t\000i\000o\000n}{section.6.8}% 68
\BOOKMARK [3][-]{subsubsection.6.8.3.1}{\376\377\0006\000.\0008\000.\0003\000.\0001\000\040\000a\000n\000i}{subsection.6.8.3}% 69
\BOOKMARK [3][-]{subsubsection.6.8.3.2}{\376\377\0006\000.\0008\000.\0003\000.\0002\000\040\000f\000i\000l\000e\000n\000a\000m\000e}{subsection.6.8.3}% 70
\BOOKMARK [3][-]{subsubsection.6.8.3.3}{\376\377\0006\000.\0008\000.\0003\000.\0003\000\040\000f\000p\000s}{subsection.6.8.3}% 71
\BOOKMARK [3][-]{subsubsection.6.8.3.4}{\376\377\0006\000.\0008\000.\0003\000.\0004\000\040\000w\000r\000i\000t\000e\000r}{subsection.6.8.3}% 72
\BOOKMARK [1][-]{section.6.9}{\376\377\0006\000.\0009\000\040\000U\000n\000c\000e\000r\000t\000a\000i\000n\000t\000y\000\137\000P\000r\000o\000p\000a\000g\000a\000t\000i\000o\000n\000\040\000N\000a\000m\000e\000s\000p\000a\000c\000e\000\040\000R\000e\000f\000e\000r\000e\000n\000c\000e}{chapter.6}% 73
\BOOKMARK [2][-]{subsection.6.9.1}{\376\377\0006\000.\0009\000.\0001\000\040\000D\000e\000t\000a\000i\000l\000e\000d\000\040\000D\000e\000s\000c\000r\000i\000p\000t\000i\000o\000n}{section.6.9}% 74
\BOOKMARK [2][-]{subsection.6.9.2}{\376\377\0006\000.\0009\000.\0002\000\040\000F\000u\000n\000c\000t\000i\000o\000n\000\040\000D\000o\000c\000u\000m\000e\000n\000t\000a\000t\000i\000o\000n}{section.6.9}% 75
\BOOKMARK [3][-]{subsubsection.6.9.2.1}{\376\377\0006\000.\0009\000.\0002\000.\0001\000\040\000i\000n\000\137\000o\000u\000t\000\137\000e\000a\000s\000y\000\137\000p\000e\000a\000s\000y\000\050\000\051}{subsection.6.9.2}% 76
\BOOKMARK [2][-]{subsection.6.9.3}{\376\377\0006\000.\0009\000.\0003\000\040\000V\000a\000r\000i\000a\000b\000l\000e\000\040\000D\000o\000c\000u\000m\000e\000n\000t\000a\000t\000i\000o\000n}{section.6.9}% 77
\BOOKMARK [3][-]{subsubsection.6.9.3.1}{\376\377\0006\000.\0009\000.\0003\000.\0001\000\040\000a\000\137\000d\000i\000s\000t}{subsection.6.9.3}% 78
\BOOKMARK [3][-]{subsubsection.6.9.3.2}{\376\377\0006\000.\0009\000.\0003\000.\0002\000\040\000a\000\137\000s\000a\000m\000p\000l\000e\000s}{subsection.6.9.3}% 79
\BOOKMARK [3][-]{subsubsection.6.9.3.3}{\376\377\0006\000.\0009\000.\0003\000.\0003\000\040\000a\000l\000p\000h\000a}{subsection.6.9.3}% 80
\BOOKMARK [3][-]{subsubsection.6.9.3.4}{\376\377\0006\000.\0009\000.\0003\000.\0004\000\040\000a\000x\000s}{subsection.6.9.3}% 81
\BOOKMARK [3][-]{subsubsection.6.9.3.5}{\376\377\0006\000.\0009\000.\0003\000.\0005\000\040\000a\000x\000s\000s}{subsection.6.9.3}% 82
\BOOKMARK [3][-]{subsubsection.6.9.3.6}{\376\377\0006\000.\0009\000.\0003\000.\0006\000\040\000c\0000\000\137\000d\000i\000s\000t}{subsection.6.9.3}% 83
\BOOKMARK [3][-]{subsubsection.6.9.3.7}{\376\377\0006\000.\0009\000.\0003\000.\0007\000\040\000c\0000\000\137\000s\000a\000m\000p\000l\000e\000s}{subsection.6.9.3}% 84
\BOOKMARK [3][-]{subsubsection.6.9.3.8}{\376\377\0006\000.\0009\000.\0003\000.\0008\000\040\000c\000o\000u\000n\000t\000e\000r}{subsection.6.9.3}% 85
\BOOKMARK [3][-]{subsubsection.6.9.3.9}{\376\377\0006\000.\0009\000.\0003\000.\0009\000\040\000c\000s\000t\000o\000r\000e\000\137\000n\000e\000g}{subsection.6.9.3}% 86
\BOOKMARK [3][-]{subsubsection.6.9.3.10}{\376\377\0006\000.\0009\000.\0003\000.\0001\0000\000\040\000c\000s\000t\000o\000r\000e\000\137\000p\000o\000s}{subsection.6.9.3}% 87
\BOOKMARK [3][-]{subsubsection.6.9.3.11}{\376\377\0006\000.\0009\000.\0003\000.\0001\0001\000\040\000D\000\137\000d\000i\000s\000t}{subsection.6.9.3}% 88
\BOOKMARK [3][-]{subsubsection.6.9.3.12}{\376\377\0006\000.\0009\000.\0003\000.\0001\0002\000\040\000D\000\137\000s\000a\000m\000p\000l\000e\000s}{subsection.6.9.3}% 89
\BOOKMARK [3][-]{subsubsection.6.9.3.13}{\376\377\0006\000.\0009\000.\0003\000.\0001\0003\000\040\000d\000r\000\137\000n\000e\000g}{subsection.6.9.3}% 90
\BOOKMARK [3][-]{subsubsection.6.9.3.14}{\376\377\0006\000.\0009\000.\0003\000.\0001\0004\000\040\000d\000r\000\137\000p\000o\000s}{subsection.6.9.3}% 91
\BOOKMARK [3][-]{subsubsection.6.9.3.15}{\376\377\0006\000.\0009\000.\0003\000.\0001\0005\000\040\000d\000t}{subsection.6.9.3}% 92
\BOOKMARK [3][-]{subsubsection.6.9.3.16}{\376\377\0006\000.\0009\000.\0003\000.\0001\0006\000\040\000e\000d\000g\000e\000\137\000c\000o\000n\000c\000\137\000v\000a\000l\000s\000\137\000n\000e\000g}{subsection.6.9.3}% 93
\BOOKMARK [3][-]{subsubsection.6.9.3.17}{\376\377\0006\000.\0009\000.\0003\000.\0001\0007\000\040\000e\000d\000g\000e\000\137\000c\000o\000n\000c\000\137\000v\000a\000l\000s\000\137\000p\000o\000s}{subsection.6.9.3}% 94
\BOOKMARK [3][-]{subsubsection.6.9.3.18}{\376\377\0006\000.\0009\000.\0003\000.\0001\0008\000\040\000e\000l\000e\000c\000t\000r\000o\000d\000e\000\137\000n\000e\000g}{subsection.6.9.3}% 95
\BOOKMARK [3][-]{subsubsection.6.9.3.19}{\376\377\0006\000.\0009\000.\0003\000.\0001\0009\000\040\000e\000l\000e\000c\000t\000r\000o\000d\000e\000\137\000p\000o\000s}{subsection.6.9.3}% 96
\BOOKMARK [3][-]{subsubsection.6.9.3.20}{\376\377\0006\000.\0009\000.\0003\000.\0002\0000\000\040\000F\000a\000l\000s\000e}{subsection.6.9.3}% 97
\BOOKMARK [3][-]{subsubsection.6.9.3.21}{\376\377\0006\000.\0009\000.\0003\000.\0002\0001\000\040\000f\000i\000g}{subsection.6.9.3}% 98
\BOOKMARK [3][-]{subsubsection.6.9.3.22}{\376\377\0006\000.\0009\000.\0003\000.\0002\0002\000\040\000f\000i\000g\000g}{subsection.6.9.3}% 99
\BOOKMARK [3][-]{subsubsection.6.9.3.23}{\376\377\0006\000.\0009\000.\0003\000.\0002\0003\000\040\000f\000i\000g\000s\000i\000z\000e}{subsection.6.9.3}% 100
\BOOKMARK [3][-]{subsubsection.6.9.3.24}{\376\377\0006\000.\0009\000.\0003\000.\0002\0004\000\040\000f\000i\000x\000e\000d\000\137\000a}{subsection.6.9.3}% 101
\BOOKMARK [3][-]{subsubsection.6.9.3.25}{\376\377\0006\000.\0009\000.\0003\000.\0002\0005\000\040\000f\000i\000x\000e\000d\000\137\000c\0000}{subsection.6.9.3}% 102
\BOOKMARK [3][-]{subsubsection.6.9.3.26}{\376\377\0006\000.\0009\000.\0003\000.\0002\0006\000\040\000f\000i\000x\000e\000d\000\137\000D}{subsection.6.9.3}% 103
\BOOKMARK [3][-]{subsubsection.6.9.3.27}{\376\377\0006\000.\0009\000.\0003\000.\0002\0007\000\040\000f\000i\000x\000e\000d\000\137\000L}{subsection.6.9.3}% 104
\BOOKMARK [3][-]{subsubsection.6.9.3.28}{\376\377\0006\000.\0009\000.\0003\000.\0002\0008\000\040\000f\000i\000x\000e\000d\000\137\000R}{subsection.6.9.3}% 105
\BOOKMARK [3][-]{subsubsection.6.9.3.29}{\376\377\0006\000.\0009\000.\0003\000.\0002\0009\000\040\000f\000u\000l\000l\000\137\000v\000o\000l\000t\000a\000g\000e}{subsection.6.9.3}% 106
\BOOKMARK [3][-]{subsubsection.6.9.3.30}{\376\377\0006\000.\0009\000.\0003\000.\0003\0000\000\040\000i\000\137\000a\000p\000p\000\137\000d\000a\000t\000a\000\137\000n\000e\000g}{subsection.6.9.3}% 107
\BOOKMARK [3][-]{subsubsection.6.9.3.31}{\376\377\0006\000.\0009\000.\0003\000.\0003\0001\000\040\000i\000\137\000a\000p\000p\000\137\000d\000a\000t\000a\000\137\000p\000o\000s}{subsection.6.9.3}% 108
\BOOKMARK [3][-]{subsubsection.6.9.3.32}{\376\377\0006\000.\0009\000.\0003\000.\0003\0002\000\040\000i\000a\000p\000p}{subsection.6.9.3}% 109
\BOOKMARK [3][-]{subsubsection.6.9.3.33}{\376\377\0006\000.\0009\000.\0003\000.\0003\0003\000\040\000L\000\137\000d\000i\000s\000t}{subsection.6.9.3}% 110
\BOOKMARK [3][-]{subsubsection.6.9.3.34}{\376\377\0006\000.\0009\000.\0003\000.\0003\0004\000\040\000L\000\137\000s\000a\000m\000p\000l\000e\000s}{subsection.6.9.3}% 111
\BOOKMARK [3][-]{subsubsection.6.9.3.35}{\376\377\0006\000.\0009\000.\0003\000.\0003\0005\000\040\000n\000e\000g\000\137\000v\000o\000l\000t\000a\000g\000e}{subsection.6.9.3}% 112
\BOOKMARK [3][-]{subsubsection.6.9.3.36}{\376\377\0006\000.\0009\000.\0003\000.\0003\0006\000\040\000n\000e\000g\000p\000a\000r\000a\000m\000s}{subsection.6.9.3}% 113
\BOOKMARK [3][-]{subsubsection.6.9.3.37}{\376\377\0006\000.\0009\000.\0003\000.\0003\0007\000\040\000n\000o\000d\000e\000n\000u\000m}{subsection.6.9.3}% 114
\BOOKMARK [3][-]{subsubsection.6.9.3.38}{\376\377\0006\000.\0009\000.\0003\000.\0003\0008\000\040\000n\000p\000r\000o\000c\000s}{subsection.6.9.3}% 115
\BOOKMARK [3][-]{subsubsection.6.9.3.39}{\376\377\0006\000.\0009\000.\0003\000.\0003\0009\000\040\000n\000u\000m\000\137\000s\000a\000m\000p\000l\000e\000s}{subsection.6.9.3}% 116
\BOOKMARK [3][-]{subsubsection.6.9.3.40}{\376\377\0006\000.\0009\000.\0003\000.\0004\0000\000\040\000o\000u\000t\000p\000u\000t\000\137\000f\000i\000l\000e\000n\000a\000m\000e\000\137\000n\000e\000g\000a\000t\000i\000v\000e}{subsection.6.9.3}% 117
\BOOKMARK [3][-]{subsubsection.6.9.3.41}{\376\377\0006\000.\0009\000.\0003\000.\0004\0001\000\040\000o\000u\000t\000p\000u\000t\000\137\000f\000i\000l\000e\000n\000a\000m\000e\000\137\000p\000o\000s\000i\000t\000i\000v\000e}{subsection.6.9.3}% 118
\BOOKMARK [3][-]{subsubsection.6.9.3.42}{\376\377\0006\000.\0009\000.\0003\000.\0004\0002\000\040\000p\000a\000r\000a\000m\000e\000t\000e\000r\000s}{subsection.6.9.3}% 119
\BOOKMARK [3][-]{subsubsection.6.9.3.43}{\376\377\0006\000.\0009\000.\0003\000.\0004\0003\000\040\000p\000a\000r\000a\000m\000s}{subsection.6.9.3}% 120
\BOOKMARK [3][-]{subsubsection.6.9.3.44}{\376\377\0006\000.\0009\000.\0003\000.\0004\0004\000\040\000p\000o\000s\000\137\000v\000o\000l\000t\000a\000g\000e}{subsection.6.9.3}% 121
\BOOKMARK [3][-]{subsubsection.6.9.3.45}{\376\377\0006\000.\0009\000.\0003\000.\0004\0005\000\040\000p\000o\000s\000p\000a\000r\000a\000m\000s}{subsection.6.9.3}% 122
\BOOKMARK [3][-]{subsubsection.6.9.3.46}{\376\377\0006\000.\0009\000.\0003\000.\0004\0006\000\040\000R\000\137\000d\000i\000s\000t}{subsection.6.9.3}% 123
\BOOKMARK [3][-]{subsubsection.6.9.3.47}{\376\377\0006\000.\0009\000.\0003\000.\0004\0007\000\040\000R\000\137\000n\000e\000g}{subsection.6.9.3}% 124
\BOOKMARK [3][-]{subsubsection.6.9.3.48}{\376\377\0006\000.\0009\000.\0003\000.\0004\0008\000\040\000R\000\137\000p\000o\000s}{subsection.6.9.3}% 125
\BOOKMARK [3][-]{subsubsection.6.9.3.49}{\376\377\0006\000.\0009\000.\0003\000.\0004\0009\000\040\000R\000\137\000s\000a\000m\000p\000l\000e\000s}{subsection.6.9.3}% 126
\BOOKMARK [3][-]{subsubsection.6.9.3.50}{\376\377\0006\000.\0009\000.\0003\000.\0005\0000\000\040\000r\000e\000s\000o\000l}{subsection.6.9.3}% 127
\BOOKMARK [3][-]{subsubsection.6.9.3.51}{\376\377\0006\000.\0009\000.\0003\000.\0005\0001\000\040\000s\000h\000a\000r\000e\000x}{subsection.6.9.3}% 128
\BOOKMARK [3][-]{subsubsection.6.9.3.52}{\376\377\0006\000.\0009\000.\0003\000.\0005\0002\000\040\000s\000h\000a\000r\000e\000y}{subsection.6.9.3}% 129
\BOOKMARK [3][-]{subsubsection.6.9.3.53}{\376\377\0006\000.\0009\000.\0003\000.\0005\0003\000\040\000t\000i\000m\000e}{subsection.6.9.3}% 130
\BOOKMARK [3][-]{subsubsection.6.9.3.54}{\376\377\0006\000.\0009\000.\0003\000.\0005\0004\000\040\000t\000i\000m\000e\000\137\000a\000x\000i\000s}{subsection.6.9.3}% 131
\BOOKMARK [3][-]{subsubsection.6.9.3.55}{\376\377\0006\000.\0009\000.\0003\000.\0005\0005\000\040\000T\000r\000u\000e}{subsection.6.9.3}% 132
\BOOKMARK [3][-]{subsubsection.6.9.3.56}{\376\377\0006\000.\0009\000.\0003\000.\0005\0006\000\040\000t\000s\000t\000e\000p\000s}{subsection.6.9.3}% 133
\BOOKMARK [3][-]{subsubsection.6.9.3.57}{\376\377\0006\000.\0009\000.\0003\000.\0005\0007\000\040\000v\000o\000l\000t\000a\000g\000e\000\137\000c\000u\000r\000v\000e\000s}{subsection.6.9.3}% 134
\BOOKMARK [3][-]{subsubsection.6.9.3.58}{\376\377\0006\000.\0009\000.\0003\000.\0005\0008\000\040\000x}{subsection.6.9.3}% 135
\BOOKMARK [1][-]{section.6.10}{\376\377\0006\000.\0001\0000\000\040\000u\000n\000i\000t\000\137\000t\000e\000s\000t\000\040\000N\000a\000m\000e\000s\000p\000a\000c\000e\000\040\000R\000e\000f\000e\000r\000e\000n\000c\000e}{chapter.6}% 136
\BOOKMARK [2][-]{subsection.6.10.1}{\376\377\0006\000.\0001\0000\000.\0001\000\040\000D\000e\000t\000a\000i\000l\000e\000d\000\040\000D\000e\000s\000c\000r\000i\000p\000t\000i\000o\000n}{section.6.10}% 137
\BOOKMARK [2][-]{subsection.6.10.2}{\376\377\0006\000.\0001\0000\000.\0002\000\040\000F\000u\000n\000c\000t\000i\000o\000n\000\040\000D\000o\000c\000u\000m\000e\000n\000t\000a\000t\000i\000o\000n}{section.6.10}% 138
\BOOKMARK [3][-]{subsubsection.6.10.2.1}{\376\377\0006\000.\0001\0000\000.\0002\000.\0001\000\040\000r\000u\000n\000\137\000u\000n\000i\000t\000\137\000t\000e\000s\000t\000\050\000\051}{subsection.6.10.2}% 139
\BOOKMARK [1][-]{section.6.11}{\376\377\0006\000.\0001\0001\000\040\000u\000s\000e\000r\000\137\000i\000n\000p\000u\000t\000\040\000N\000a\000m\000e\000s\000p\000a\000c\000e\000\040\000R\000e\000f\000e\000r\000e\000n\000c\000e}{chapter.6}% 140
\BOOKMARK [2][-]{subsection.6.11.1}{\376\377\0006\000.\0001\0001\000.\0001\000\040\000D\000e\000t\000a\000i\000l\000e\000d\000\040\000D\000e\000s\000c\000r\000i\000p\000t\000i\000o\000n}{section.6.11}% 141
\BOOKMARK [2][-]{subsection.6.11.2}{\376\377\0006\000.\0001\0001\000.\0002\000\040\000V\000a\000r\000i\000a\000b\000l\000e\000\040\000D\000o\000c\000u\000m\000e\000n\000t\000a\000t\000i\000o\000n}{section.6.11}% 142
\BOOKMARK [3][-]{subsubsection.6.11.2.1}{\376\377\0006\000.\0001\0001\000.\0002\000.\0001\000\040\000a}{subsection.6.11.2}% 143
\BOOKMARK [3][-]{subsubsection.6.11.2.2}{\376\377\0006\000.\0001\0001\000.\0002\000.\0002\000\040\000c\0000}{subsection.6.11.2}% 144
\BOOKMARK [3][-]{subsubsection.6.11.2.3}{\376\377\0006\000.\0001\0001\000.\0002\000.\0003\000\040\000c\000h\000e\000c\000k\000p\000o\000i\000n\000t}{subsection.6.11.2}% 145
\BOOKMARK [3][-]{subsubsection.6.11.2.4}{\376\377\0006\000.\0001\0001\000.\0002\000.\0004\000\040\000c\000m\000a\000x\000\137\000n\000e\000g\000\137\000s\000i\000m}{subsection.6.11.2}% 146
\BOOKMARK [3][-]{subsubsection.6.11.2.5}{\376\377\0006\000.\0001\0001\000.\0002\000.\0005\000\040\000c\000m\000a\000x\000\137\000p\000o\000s\000\137\000s\000i\000m}{subsection.6.11.2}% 147
\BOOKMARK [3][-]{subsubsection.6.11.2.6}{\376\377\0006\000.\0001\0001\000.\0002\000.\0006\000\040\000D}{subsection.6.11.2}% 148
\BOOKMARK [3][-]{subsubsection.6.11.2.7}{\376\377\0006\000.\0001\0001\000.\0002\000.\0007\000\040\000d\000t}{subsection.6.11.2}% 149
\BOOKMARK [3][-]{subsubsection.6.11.2.8}{\376\377\0006\000.\0001\0001\000.\0002\000.\0008\000\040\000e\000l\000e\000c\000t\000r\000o\000d\000e\000\137\000c\000h\000a\000r\000g\000e}{subsection.6.11.2}% 150
\BOOKMARK [3][-]{subsubsection.6.11.2.9}{\376\377\0006\000.\0001\0001\000.\0002\000.\0009\000\040\000i\000a\000p\000p}{subsection.6.11.2}% 151
\BOOKMARK [3][-]{subsubsection.6.11.2.10}{\376\377\0006\000.\0001\0001\000.\0002\000.\0001\0000\000\040\000i\000a\000p\000p\000\137\000l\000a\000b\000e\000l}{subsection.6.11.2}% 152
\BOOKMARK [3][-]{subsubsection.6.11.2.11}{\376\377\0006\000.\0001\0001\000.\0002\000.\0001\0001\000\040\000K\000\137\000n\000e\000g}{subsection.6.11.2}% 153
\BOOKMARK [3][-]{subsubsection.6.11.2.12}{\376\377\0006\000.\0001\0001\000.\0002\000.\0001\0002\000\040\000K\000\137\000p\000o\000s}{subsection.6.11.2}% 154
\BOOKMARK [3][-]{subsubsection.6.11.2.13}{\376\377\0006\000.\0001\0001\000.\0002\000.\0001\0003\000\040\000L}{subsection.6.11.2}% 155
\BOOKMARK [3][-]{subsubsection.6.11.2.14}{\376\377\0006\000.\0001\0001\000.\0002\000.\0001\0004\000\040\000n}{subsection.6.11.2}% 156
\BOOKMARK [3][-]{subsubsection.6.11.2.15}{\376\377\0006\000.\0001\0001\000.\0002\000.\0001\0005\000\040\000p\000l\000o\000t\000\137\000p\000a\000r\000a\000m\000s\000\137\000p\000o\000s}{subsection.6.11.2}% 157
\BOOKMARK [3][-]{subsubsection.6.11.2.16}{\376\377\0006\000.\0001\0001\000.\0002\000.\0001\0006\000\040\000p\000o\000s\000\137\000p\000a\000r\000a\000m\000s}{subsection.6.11.2}% 158
\BOOKMARK [3][-]{subsubsection.6.11.2.17}{\376\377\0006\000.\0001\0001\000.\0002\000.\0001\0007\000\040\000R}{subsection.6.11.2}% 159
\BOOKMARK [3][-]{subsubsection.6.11.2.18}{\376\377\0006\000.\0001\0001\000.\0002\000.\0001\0008\000\040\000s\000o\000l\000v\000e\000r\000\137\000i\000n\000p\000u\000t\000\137\000f\000i\000l\000e\000n\000a\000m\000e}{subsection.6.11.2}% 160
\BOOKMARK [3][-]{subsubsection.6.11.2.19}{\376\377\0006\000.\0001\0001\000.\0002\000.\0001\0009\000\040\000t\000s\000t\000e\000p\000s}{subsection.6.11.2}% 161
\BOOKMARK [1][-]{section.6.12}{\376\377\0006\000.\0001\0002\000\040\000u\000s\000e\000r\000\137\000i\000n\000p\000u\000t\000\137\000f\000u\000l\000l\000\137\000b\000a\000t\000t\000e\000r\000y\000\137\000G\000I\000T\000T\000\040\000N\000a\000m\000e\000s\000p\000a\000c\000e\000\040\000R\000e\000f\000e\000r\000e\000n\000c\000e}{chapter.6}% 162
\BOOKMARK [2][-]{subsection.6.12.1}{\376\377\0006\000.\0001\0002\000.\0001\000\040\000D\000e\000t\000a\000i\000l\000e\000d\000\040\000D\000e\000s\000c\000r\000i\000p\000t\000i\000o\000n}{section.6.12}% 163
\BOOKMARK [2][-]{subsection.6.12.2}{\376\377\0006\000.\0001\0002\000.\0002\000\040\000V\000a\000r\000i\000a\000b\000l\000e\000\040\000D\000o\000c\000u\000m\000e\000n\000t\000a\000t\000i\000o\000n}{section.6.12}% 164
\BOOKMARK [3][-]{subsubsection.6.12.2.1}{\376\377\0006\000.\0001\0002\000.\0002\000.\0001\000\040\000a\000\137\000n\000e\000g}{subsection.6.12.2}% 165
\BOOKMARK [3][-]{subsubsection.6.12.2.2}{\376\377\0006\000.\0001\0002\000.\0002\000.\0002\000\040\000a\000\137\000p\000o\000s}{subsection.6.12.2}% 166
\BOOKMARK [3][-]{subsubsection.6.12.2.3}{\376\377\0006\000.\0001\0002\000.\0002\000.\0003\000\040\000a\000n\000i\000m\000a\000t\000i\000o\000n\000\137\000i\000n\000t\000e\000r\000v\000a\000l\000\137\000t\000i\000m\000e}{subsection.6.12.2}% 167
\BOOKMARK [3][-]{subsubsection.6.12.2.4}{\376\377\0006\000.\0001\0002\000.\0002\000.\0004\000\040\000c\0000}{subsection.6.12.2}% 168
\BOOKMARK [3][-]{subsubsection.6.12.2.5}{\376\377\0006\000.\0001\0002\000.\0002\000.\0005\000\040\000c\0000\000\137\000n\000e\000g}{subsection.6.12.2}% 169
\BOOKMARK [3][-]{subsubsection.6.12.2.6}{\376\377\0006\000.\0001\0002\000.\0002\000.\0006\000\040\000c\0000\000\137\000p\000o\000s}{subsection.6.12.2}% 170
\BOOKMARK [3][-]{subsubsection.6.12.2.7}{\376\377\0006\000.\0001\0002\000.\0002\000.\0007\000\040\000c\000m\000a\000x\000\137\000n\000e\000g\000\137\000s\000i\000m}{subsection.6.12.2}% 171
\BOOKMARK [3][-]{subsubsection.6.12.2.8}{\376\377\0006\000.\0001\0002\000.\0002\000.\0008\000\040\000c\000m\000a\000x\000\137\000p\000o\000s\000\137\000s\000i\000m}{subsection.6.12.2}% 172
\BOOKMARK [3][-]{subsubsection.6.12.2.9}{\376\377\0006\000.\0001\0002\000.\0002\000.\0009\000\040\000c\000u\000r\000r\000e\000n\000t\000s}{subsection.6.12.2}% 173
\BOOKMARK [3][-]{subsubsection.6.12.2.10}{\376\377\0006\000.\0001\0002\000.\0002\000.\0001\0000\000\040\000D\000\137\000n\000e\000g}{subsection.6.12.2}% 174
\BOOKMARK [3][-]{subsubsection.6.12.2.11}{\376\377\0006\000.\0001\0002\000.\0002\000.\0001\0001\000\040\000D\000\137\000p\000o\000s}{subsection.6.12.2}% 175
\BOOKMARK [3][-]{subsubsection.6.12.2.12}{\376\377\0006\000.\0001\0002\000.\0002\000.\0001\0002\000\040\000d\000t}{subsection.6.12.2}% 176
\BOOKMARK [3][-]{subsubsection.6.12.2.13}{\376\377\0006\000.\0001\0002\000.\0002\000.\0001\0003\000\040\000e\000l\000e\000c\000t\000r\000o\000d\000e\000\137\000c\000h\000a\000r\000g\000e\000\137\000n\000e\000g}{subsection.6.12.2}% 177
\BOOKMARK [3][-]{subsubsection.6.12.2.14}{\376\377\0006\000.\0001\0002\000.\0002\000.\0001\0004\000\040\000e\000l\000e\000c\000t\000r\000o\000d\000e\000\137\000c\000h\000a\000r\000g\000e\000\137\000p\000o\000s}{subsection.6.12.2}% 178
\BOOKMARK [3][-]{subsubsection.6.12.2.15}{\376\377\0006\000.\0001\0002\000.\0002\000.\0001\0005\000\040\000i\000a\000p\000p\000\137\000l\000a\000b\000e\000l\000\137\000n\000e\000g}{subsection.6.12.2}% 179
\BOOKMARK [3][-]{subsubsection.6.12.2.16}{\376\377\0006\000.\0001\0002\000.\0002\000.\0001\0006\000\040\000i\000a\000p\000p\000\137\000l\000a\000b\000e\000l\000\137\000p\000o\000s}{subsection.6.12.2}% 180
\BOOKMARK [3][-]{subsubsection.6.12.2.17}{\376\377\0006\000.\0001\0002\000.\0002\000.\0001\0007\000\040\000i\000a\000p\000p\000\137\000n\000e\000g}{subsection.6.12.2}% 181
\BOOKMARK [3][-]{subsubsection.6.12.2.18}{\376\377\0006\000.\0001\0002\000.\0002\000.\0001\0008\000\040\000i\000a\000p\000p\000\137\000p\000o\000s}{subsection.6.12.2}% 182
\BOOKMARK [3][-]{subsubsection.6.12.2.19}{\376\377\0006\000.\0001\0002\000.\0002\000.\0001\0009\000\040\000K\000\137\000n\000e\000g}{subsection.6.12.2}% 183
\BOOKMARK [3][-]{subsubsection.6.12.2.20}{\376\377\0006\000.\0001\0002\000.\0002\000.\0002\0000\000\040\000K\000\137\000p\000o\000s}{subsection.6.12.2}% 184
\BOOKMARK [3][-]{subsubsection.6.12.2.21}{\376\377\0006\000.\0001\0002\000.\0002\000.\0002\0001\000\040\000L\000\137\000n\000e\000g}{subsection.6.12.2}% 185
\BOOKMARK [3][-]{subsubsection.6.12.2.22}{\376\377\0006\000.\0001\0002\000.\0002\000.\0002\0002\000\040\000L\000\137\000p\000o\000s}{subsection.6.12.2}% 186
\BOOKMARK [3][-]{subsubsection.6.12.2.23}{\376\377\0006\000.\0001\0002\000.\0002\000.\0002\0003\000\040\000n}{subsection.6.12.2}% 187
\BOOKMARK [3][-]{subsubsection.6.12.2.24}{\376\377\0006\000.\0001\0002\000.\0002\000.\0002\0004\000\040\000n\000e\000g\000\137\000p\000a\000r\000a\000m\000s}{subsection.6.12.2}% 188
\BOOKMARK [3][-]{subsubsection.6.12.2.25}{\376\377\0006\000.\0001\0002\000.\0002\000.\0002\0005\000\040\000n\000p\000r\000o\000c\000s}{subsection.6.12.2}% 189
\BOOKMARK [3][-]{subsubsection.6.12.2.26}{\376\377\0006\000.\0001\0002\000.\0002\000.\0002\0006\000\040\000n\000s\000t\000e\000p\000s}{subsection.6.12.2}% 190
\BOOKMARK [3][-]{subsubsection.6.12.2.27}{\376\377\0006\000.\0001\0002\000.\0002\000.\0002\0007\000\040\000o\000u\000t\000p\000u\000t\000\137\000f\000i\000l\000e\000n\000a\000m\000e\000\137\000n\000e\000g\000a\000t\000i\000v\000e}{subsection.6.12.2}% 191
\BOOKMARK [3][-]{subsubsection.6.12.2.28}{\376\377\0006\000.\0001\0002\000.\0002\000.\0002\0008\000\040\000o\000u\000t\000p\000u\000t\000\137\000f\000i\000l\000e\000n\000a\000m\000e\000\137\000p\000o\000s\000i\000t\000i\000v\000e}{subsection.6.12.2}% 192
\BOOKMARK [3][-]{subsubsection.6.12.2.29}{\376\377\0006\000.\0001\0002\000.\0002\000.\0002\0009\000\040\000p\000a\000r\000a\000m\000s\000\137\000n\000e\000g}{subsection.6.12.2}% 193
\BOOKMARK [3][-]{subsubsection.6.12.2.30}{\376\377\0006\000.\0001\0002\000.\0002\000.\0003\0000\000\040\000p\000a\000r\000a\000m\000s\000\137\000p\000o\000s}{subsection.6.12.2}% 194
\BOOKMARK [3][-]{subsubsection.6.12.2.31}{\376\377\0006\000.\0001\0002\000.\0002\000.\0003\0001\000\040\000p\000l\000o\000t\000\137\000p\000a\000r\000a\000m\000s\000\137\000n\000e\000g}{subsection.6.12.2}% 195
\BOOKMARK [3][-]{subsubsection.6.12.2.32}{\376\377\0006\000.\0001\0002\000.\0002\000.\0003\0002\000\040\000p\000l\000o\000t\000\137\000p\000a\000r\000a\000m\000s\000\137\000p\000o\000s}{subsection.6.12.2}% 196
\BOOKMARK [3][-]{subsubsection.6.12.2.33}{\376\377\0006\000.\0001\0002\000.\0002\000.\0003\0003\000\040\000p\000o\000s\000\137\000p\000a\000r\000a\000m\000s}{subsection.6.12.2}% 197
\BOOKMARK [3][-]{subsubsection.6.12.2.34}{\376\377\0006\000.\0001\0002\000.\0002\000.\0003\0004\000\040\000R\000\137\000n\000e\000g}{subsection.6.12.2}% 198
\BOOKMARK [3][-]{subsubsection.6.12.2.35}{\376\377\0006\000.\0001\0002\000.\0002\000.\0003\0005\000\040\000R\000\137\000p\000o\000s}{subsection.6.12.2}% 199
\BOOKMARK [3][-]{subsubsection.6.12.2.36}{\376\377\0006\000.\0001\0002\000.\0002\000.\0003\0006\000\040\000r\000u\000n\000\137\000t\000i\000m\000e\000s}{subsection.6.12.2}% 200
\BOOKMARK [3][-]{subsubsection.6.12.2.37}{\376\377\0006\000.\0001\0002\000.\0002\000.\0003\0007\000\040\000S\000p\000a\000r\000s\000i\000f\000y\000A\000n\000i\000m\000a\000t\000i\000o\000n}{subsection.6.12.2}% 201
\BOOKMARK [3][-]{subsubsection.6.12.2.38}{\376\377\0006\000.\0001\0002\000.\0002\000.\0003\0008\000\040\000s\000t\000a\000r\000t\000\137\000t\000i\000m\000e\000s}{subsection.6.12.2}% 202
\BOOKMARK [3][-]{subsubsection.6.12.2.39}{\376\377\0006\000.\0001\0002\000.\0002\000.\0003\0009\000\040\000T\000r\000u\000e}{subsection.6.12.2}% 203
\BOOKMARK [3][-]{subsubsection.6.12.2.40}{\376\377\0006\000.\0001\0002\000.\0002\000.\0004\0000\000\040\000t\000s\000t\000e\000p\000s}{subsection.6.12.2}% 204
\BOOKMARK [3][-]{subsubsection.6.12.2.41}{\376\377\0006\000.\0001\0002\000.\0002\000.\0004\0001\000\040\000w\000a\000i\000t\000\137\000t\000i\000m\000e\000s}{subsection.6.12.2}% 205
\BOOKMARK [1][-]{section.6.13}{\376\377\0006\000.\0001\0003\000\040\000u\000s\000e\000r\000\137\000i\000n\000p\000u\000t\000\137\000m\000o\000d\000\040\000N\000a\000m\000e\000s\000p\000a\000c\000e\000\040\000R\000e\000f\000e\000r\000e\000n\000c\000e}{chapter.6}% 206
\BOOKMARK [2][-]{subsection.6.13.1}{\376\377\0006\000.\0001\0003\000.\0001\000\040\000D\000e\000t\000a\000i\000l\000e\000d\000\040\000D\000e\000s\000c\000r\000i\000p\000t\000i\000o\000n}{section.6.13}% 207
\BOOKMARK [2][-]{subsection.6.13.2}{\376\377\0006\000.\0001\0003\000.\0002\000\040\000F\000u\000n\000c\000t\000i\000o\000n\000\040\000D\000o\000c\000u\000m\000e\000n\000t\000a\000t\000i\000o\000n}{section.6.13}% 208
\BOOKMARK [3][-]{subsubsection.6.13.2.1}{\376\377\0006\000.\0001\0003\000.\0002\000.\0001\000\040\000c\000a\000l\000l\000\137\000s\000o\000l\000v\000e\000r\000\050\000\051}{subsection.6.13.2}% 209
\BOOKMARK [3][-]{subsubsection.6.13.2.2}{\376\377\0006\000.\0001\0003\000.\0002\000.\0002\000\040\000f\000u\000l\000l\000\137\000b\000a\000t\000t\000e\000r\000y\000\137\000s\000i\000m\000u\000l\000a\000t\000i\000o\000n\000\050\000\051}{subsection.6.13.2}% 210
\BOOKMARK [3][-]{subsubsection.6.13.2.3}{\376\377\0006\000.\0001\0003\000.\0002\000.\0003\000\040\000g\000e\000t\000\137\000G\000I\000T\000T\000\137\000i\000n\000i\000t\000i\000a\000l\000\137\000c\000o\000n\000c\000s\000\050\000\051}{subsection.6.13.2}% 211
\BOOKMARK [3][-]{subsubsection.6.13.2.4}{\376\377\0006\000.\0001\0003\000.\0002\000.\0004\000\040\000G\000I\000T\000T\000\137\000f\000u\000l\000l\000\137\000c\000e\000l\000l\000\050\000\051}{subsection.6.13.2}% 212
\BOOKMARK [3][-]{subsubsection.6.13.2.5}{\376\377\0006\000.\0001\0003\000.\0002\000.\0005\000\040\000G\000I\000T\000T\000\137\000h\000a\000l\000f\000\137\000c\000e\000l\000l\000\050\000\051}{subsection.6.13.2}% 213
\BOOKMARK [3][-]{subsubsection.6.13.2.6}{\376\377\0006\000.\0001\0003\000.\0002\000.\0006\000\040\000i\000a\000p\000p\000\137\000c\000o\000n\000s\000t\000a\000n\000t\000\137\000s\000e\000t\000u\000p\000\050\000\051}{subsection.6.13.2}% 214
\BOOKMARK [3][-]{subsubsection.6.13.2.7}{\376\377\0006\000.\0001\0003\000.\0002\000.\0007\000\040\000i\000a\000p\000p\000\137\000r\000e\000a\000d\000\137\000c\000s\000v\000\050\000\051}{subsection.6.13.2}% 215
\BOOKMARK [3][-]{subsubsection.6.13.2.8}{\376\377\0006\000.\0001\0003\000.\0002\000.\0008\000\040\000i\000a\000p\000p\000\137\000s\000t\000e\000p\000\137\000s\000e\000t\000u\000p\000\050\000\051}{subsection.6.13.2}% 216
\BOOKMARK [3][-]{subsubsection.6.13.2.9}{\376\377\0006\000.\0001\0003\000.\0002\000.\0009\000\040\000o\000p\000t\000i\000m\000i\000s\000e\000\137\000p\000a\000r\000a\000l\000l\000e\000l\000i\000s\000m\000\050\000\051}{subsection.6.13.2}% 217
\BOOKMARK [3][-]{subsubsection.6.13.2.10}{\376\377\0006\000.\0001\0003\000.\0002\000.\0001\0000\000\040\000s\000e\000t\000\137\000d\000e\000f\000a\000u\000l\000t\000s\000\137\000n\000e\000g\000\050\000\051}{subsection.6.13.2}% 218
\BOOKMARK [3][-]{subsubsection.6.13.2.11}{\376\377\0006\000.\0001\0003\000.\0002\000.\0001\0001\000\040\000s\000e\000t\000\137\000d\000e\000f\000a\000u\000l\000t\000s\000\137\000p\000o\000s\000\050\000\051}{subsection.6.13.2}% 219
\BOOKMARK [3][-]{subsubsection.6.13.2.12}{\376\377\0006\000.\0001\0003\000.\0002\000.\0001\0002\000\040\000v\000e\000r\000i\000f\000y\000\137\000i\000a\000p\000p\000\050\000\051}{subsection.6.13.2}% 220
\BOOKMARK [3][-]{subsubsection.6.13.2.13}{\376\377\0006\000.\0001\0003\000.\0002\000.\0001\0003\000\040\000v\000e\000r\000i\000f\000y\000\137\000p\000a\000r\000a\000m\000s\000\050\000\051}{subsection.6.13.2}% 221
\BOOKMARK [3][-]{subsubsection.6.13.2.14}{\376\377\0006\000.\0001\0003\000.\0002\000.\0001\0004\000\040\000w\000r\000i\000t\000e\000\137\000t\000o\000\137\000f\000i\000l\000e\000\050\000\051}{subsection.6.13.2}% 222
\BOOKMARK [1][-]{section.6.14}{\376\377\0006\000.\0001\0004\000\040\000u\000s\000e\000r\000\137\000i\000n\000p\000u\000t\000\137\000p\000a\000r\000a\000l\000l\000e\000l\000\137\000s\000i\000m\000u\000l\000a\000t\000i\000o\000n\000\040\000N\000a\000m\000e\000s\000p\000a\000c\000e\000\040\000R\000e\000f\000e\000r\000e\000n\000c\000e}{chapter.6}% 223
\BOOKMARK [2][-]{subsection.6.14.1}{\376\377\0006\000.\0001\0004\000.\0001\000\040\000D\000e\000t\000a\000i\000l\000e\000d\000\040\000D\000e\000s\000c\000r\000i\000p\000t\000i\000o\000n}{section.6.14}% 224
\BOOKMARK [2][-]{subsection.6.14.2}{\376\377\0006\000.\0001\0004\000.\0002\000\040\000V\000a\000r\000i\000a\000b\000l\000e\000\040\000D\000o\000c\000u\000m\000e\000n\000t\000a\000t\000i\000o\000n}{section.6.14}% 225
\BOOKMARK [3][-]{subsubsection.6.14.2.1}{\376\377\0006\000.\0001\0004\000.\0002\000.\0001\000\040\000a}{subsection.6.14.2}% 226
\BOOKMARK [3][-]{subsubsection.6.14.2.2}{\376\377\0006\000.\0001\0004\000.\0002\000.\0002\000\040\000A\000n\000i\000m\000a\000t\000i\000o\000n}{subsection.6.14.2}% 227
\BOOKMARK [3][-]{subsubsection.6.14.2.3}{\376\377\0006\000.\0001\0004\000.\0002\000.\0003\000\040\000c\0000}{subsection.6.14.2}% 228
\BOOKMARK [3][-]{subsubsection.6.14.2.4}{\376\377\0006\000.\0001\0004\000.\0002\000.\0004\000\040\000c\000m\000a\000x\000\137\000n\000e\000g\000\137\000s\000i\000m}{subsection.6.14.2}% 229
\BOOKMARK [3][-]{subsubsection.6.14.2.5}{\376\377\0006\000.\0001\0004\000.\0002\000.\0005\000\040\000c\000m\000a\000x\000\137\000p\000o\000s\000\137\000s\000i\000m}{subsection.6.14.2}% 230
\BOOKMARK [3][-]{subsubsection.6.14.2.6}{\376\377\0006\000.\0001\0004\000.\0002\000.\0006\000\040\000c\000u\000r\000r\000e\000n\000t\000s}{subsection.6.14.2}% 231
\BOOKMARK [3][-]{subsubsection.6.14.2.7}{\376\377\0006\000.\0001\0004\000.\0002\000.\0007\000\040\000D}{subsection.6.14.2}% 232
\BOOKMARK [3][-]{subsubsection.6.14.2.8}{\376\377\0006\000.\0001\0004\000.\0002\000.\0008\000\040\000d\000t}{subsection.6.14.2}% 233
\BOOKMARK [3][-]{subsubsection.6.14.2.9}{\376\377\0006\000.\0001\0004\000.\0002\000.\0009\000\040\000e\000l\000e\000c\000t\000r\000o\000d\000e}{subsection.6.14.2}% 234
\BOOKMARK [3][-]{subsubsection.6.14.2.10}{\376\377\0006\000.\0001\0004\000.\0002\000.\0001\0000\000\040\000e\000l\000e\000c\000t\000r\000o\000d\000e\000\137\000c\000h\000a\000r\000g\000e}{subsection.6.14.2}% 235
\BOOKMARK [3][-]{subsubsection.6.14.2.11}{\376\377\0006\000.\0001\0004\000.\0002\000.\0001\0001\000\040\000i\000a\000p\000p}{subsection.6.14.2}% 236
\BOOKMARK [3][-]{subsubsection.6.14.2.12}{\376\377\0006\000.\0001\0004\000.\0002\000.\0001\0002\000\040\000i\000a\000p\000p\000\137\000l\000a\000b\000e\000l}{subsection.6.14.2}% 237
\BOOKMARK [3][-]{subsubsection.6.14.2.13}{\376\377\0006\000.\0001\0004\000.\0002\000.\0001\0003\000\040\000K\000\137\000n\000e\000g}{subsection.6.14.2}% 238
\BOOKMARK [3][-]{subsubsection.6.14.2.14}{\376\377\0006\000.\0001\0004\000.\0002\000.\0001\0004\000\040\000K\000\137\000p\000o\000s}{subsection.6.14.2}% 239
\BOOKMARK [3][-]{subsubsection.6.14.2.15}{\376\377\0006\000.\0001\0004\000.\0002\000.\0001\0005\000\040\000L}{subsection.6.14.2}% 240
\BOOKMARK [3][-]{subsubsection.6.14.2.16}{\376\377\0006\000.\0001\0004\000.\0002\000.\0001\0006\000\040\000n}{subsection.6.14.2}% 241
\BOOKMARK [3][-]{subsubsection.6.14.2.17}{\376\377\0006\000.\0001\0004\000.\0002\000.\0001\0007\000\040\000n\000e\000g\000\137\000p\000a\000r\000a\000m\000s}{subsection.6.14.2}% 242
\BOOKMARK [3][-]{subsubsection.6.14.2.18}{\376\377\0006\000.\0001\0004\000.\0002\000.\0001\0008\000\040\000n\000p\000r\000o\000c\000s}{subsection.6.14.2}% 243
\BOOKMARK [3][-]{subsubsection.6.14.2.19}{\376\377\0006\000.\0001\0004\000.\0002\000.\0001\0009\000\040\000n\000s\000t\000e\000p\000s}{subsection.6.14.2}% 244
\BOOKMARK [3][-]{subsubsection.6.14.2.20}{\376\377\0006\000.\0001\0004\000.\0002\000.\0002\0000\000\040\000o\000u\000t\000p\000u\000t\000\137\000f\000i\000l\000e\000n\000a\000m\000e}{subsection.6.14.2}% 245
\BOOKMARK [3][-]{subsubsection.6.14.2.21}{\376\377\0006\000.\0001\0004\000.\0002\000.\0002\0001\000\040\000p\000a\000r\000a\000m\000s}{subsection.6.14.2}% 246
\BOOKMARK [3][-]{subsubsection.6.14.2.22}{\376\377\0006\000.\0001\0004\000.\0002\000.\0002\0002\000\040\000p\000l\000o\000t\000\137\000p\000a\000r\000a\000m\000s\000\137\000n\000e\000g}{subsection.6.14.2}% 247
\BOOKMARK [3][-]{subsubsection.6.14.2.23}{\376\377\0006\000.\0001\0004\000.\0002\000.\0002\0003\000\040\000R}{subsection.6.14.2}% 248
\BOOKMARK [3][-]{subsubsection.6.14.2.24}{\376\377\0006\000.\0001\0004\000.\0002\000.\0002\0004\000\040\000r\000u\000n\000\137\000t\000i\000m\000e\000s}{subsection.6.14.2}% 249
\BOOKMARK [3][-]{subsubsection.6.14.2.25}{\376\377\0006\000.\0001\0004\000.\0002\000.\0002\0005\000\040\000S\000p\000a\000r\000s\000i\000f\000y\000A\000n\000i\000m\000a\000t\000i\000o\000n}{subsection.6.14.2}% 250
\BOOKMARK [3][-]{subsubsection.6.14.2.26}{\376\377\0006\000.\0001\0004\000.\0002\000.\0002\0006\000\040\000s\000t\000a\000r\000t\000\137\000t\000i\000m\000e\000s}{subsection.6.14.2}% 251
\BOOKMARK [3][-]{subsubsection.6.14.2.27}{\376\377\0006\000.\0001\0004\000.\0002\000.\0002\0007\000\040\000T\000r\000u\000e}{subsection.6.14.2}% 252
\BOOKMARK [3][-]{subsubsection.6.14.2.28}{\376\377\0006\000.\0001\0004\000.\0002\000.\0002\0008\000\040\000t\000s\000t\000e\000p\000s}{subsection.6.14.2}% 253
\BOOKMARK [3][-]{subsubsection.6.14.2.29}{\376\377\0006\000.\0001\0004\000.\0002\000.\0002\0009\000\040\000w\000a\000i\000t\000\137\000t\000i\000m\000e\000s}{subsection.6.14.2}% 254
\BOOKMARK [0][-]{chapter.7}{\376\377\0007\000\040\000F\000i\000l\000e\000\040\000D\000o\000c\000u\000m\000e\000n\000t\000a\000t\000i\000o\000n}{}% 255
\BOOKMARK [1][-]{section.7.1}{\376\377\0007\000.\0001\000\040\000/\000h\000o\000m\000e\000/\000c\000h\000e\000m\000/\000m\000s\000u\000v\000n\000j\000/\000P\000X\0009\0001\0005\000\137\000G\000r\000o\000u\000p\000B\000\137\0002\0002\000-\0002\0003\000/\000c\000h\000e\000c\000k\000p\000o\000i\000n\000t\000i\000n\000g\000.\000f\0009\0000\000\040\000F\000i\000l\000e\000\040\000R\000e\000f\000e\000r\000e\000n\000c\000e}{chapter.7}% 256
\BOOKMARK [2][-]{subsection.7.1.1}{\376\377\0007\000.\0001\000.\0001\000\040\000V\000a\000r\000i\000a\000b\000l\000e\000\040\000D\000o\000c\000u\000m\000e\000n\000t\000a\000t\000i\000o\000n}{section.7.1}% 257
\BOOKMARK [3][-]{subsubsection.7.1.1.1}{\376\377\0007\000.\0001\000.\0001\000.\0001\000\040\000a\000\137\000s\000m\000a\000l\000l}{subsection.7.1.1}% 258
\BOOKMARK [3][-]{subsubsection.7.1.1.2}{\376\377\0007\000.\0001\000.\0001\000.\0002\000\040\000c}{subsection.7.1.1}% 259
\BOOKMARK [3][-]{subsubsection.7.1.1.3}{\376\377\0007\000.\0001\000.\0001\000.\0003\000\040\000c\0000}{subsection.7.1.1}% 260
\BOOKMARK [3][-]{subsubsection.7.1.1.4}{\376\377\0007\000.\0001\000.\0001\000.\0004\000\040\000c\000h\000e\000c\000k\000p\000o\000i\000n\000t\000\137\000n\000a\000m\000e}{subsection.7.1.1}% 261
\BOOKMARK [3][-]{subsubsection.7.1.1.5}{\376\377\0007\000.\0001\000.\0001\000.\0005\000\040\000c\000s\000t\000o\000r\000a\000g\000e}{subsection.7.1.1}% 262
\BOOKMARK [3][-]{subsubsection.7.1.1.6}{\376\377\0007\000.\0001\000.\0001\000.\0006\000\040\000d}{subsection.7.1.1}% 263
\BOOKMARK [3][-]{subsubsection.7.1.1.7}{\376\377\0007\000.\0001\000.\0001\000.\0007\000\040\000d\000i\000m\000i\000d\000\137\000n}{subsection.7.1.1}% 264
\BOOKMARK [3][-]{subsubsection.7.1.1.8}{\376\377\0007\000.\0001\000.\0001\000.\0008\000\040\000d\000i\000m\000i\000d\000\137\000t\000s\000t\000e\000p\000s}{subsection.7.1.1}% 265
\BOOKMARK [3][-]{subsubsection.7.1.1.9}{\376\377\0007\000.\0001\000.\0001\000.\0009\000\040\000d\000i\000m\000i\000d\000s\000\137\000c\000s\000t\000o\000r\000a\000g\000e}{subsection.7.1.1}% 266
\BOOKMARK [3][-]{subsubsection.7.1.1.10}{\376\377\0007\000.\0001\000.\0001\000.\0001\0000\000\040\000d\000i\000m\000i\000d\000s\000\137\000p\000a\000r\000a\000m\000e\000t\000e\000r}{subsection.7.1.1}% 267
\BOOKMARK [3][-]{subsubsection.7.1.1.11}{\376\377\0007\000.\0001\000.\0001\000.\0001\0001\000\040\000d\000i\000r}{subsection.7.1.1}% 268
\BOOKMARK [3][-]{subsubsection.7.1.1.12}{\376\377\0007\000.\0001\000.\0001\000.\0001\0002\000\040\000d\000t}{subsection.7.1.1}% 269
\BOOKMARK [3][-]{subsubsection.7.1.1.13}{\376\377\0007\000.\0001\000.\0001\000.\0001\0003\000\040\000e\000l\000e\000c\000t\000r\000o\000d\000e\000\137\000c\000h\000a\000r\000g\000e}{subsection.7.1.1}% 270
\BOOKMARK [3][-]{subsubsection.7.1.1.14}{\376\377\0007\000.\0001\000.\0001\000.\0001\0004\000\040\000f\000i\000l\000e\000\137\000e\000x\000t}{subsection.7.1.1}% 271
\BOOKMARK [3][-]{subsubsection.7.1.1.15}{\376\377\0007\000.\0001\000.\0001\000.\0001\0005\000\040\000f\000i\000l\000e\000\137\000e\000x\000t\000e\000n\000s\000i\000o\000n}{subsection.7.1.1}% 272
\BOOKMARK [3][-]{subsubsection.7.1.1.16}{\376\377\0007\000.\0001\000.\0001\000.\0001\0006\000\040\000f\000i\000l\000e\000\137\000t\000e\000s\000t}{subsection.7.1.1}% 273
\BOOKMARK [3][-]{subsubsection.7.1.1.17}{\376\377\0007\000.\0001\000.\0001\000.\0001\0007\000\040\000f\000i\000l\000e\000n\000a\000m\000e}{subsection.7.1.1}% 274
\BOOKMARK [3][-]{subsubsection.7.1.1.18}{\376\377\0007\000.\0001\000.\0001\000.\0001\0008\000\040\000f\000i\000l\000e\000n\000a\000m\000e\000\137\000l\000e\000n\000g\000t\000h}{subsection.7.1.1}% 275
\BOOKMARK [3][-]{subsubsection.7.1.1.19}{\376\377\0007\000.\0001\000.\0001\000.\0001\0009\000\040\000f\000i\000l\000e\000p\000a\000t\000h}{subsection.7.1.1}% 276
\BOOKMARK [3][-]{subsubsection.7.1.1.20}{\376\377\0007\000.\0001\000.\0001\000.\0002\0000\000\040\000f\000r\000e\000q}{subsection.7.1.1}% 277
\BOOKMARK [3][-]{subsubsection.7.1.1.21}{\376\377\0007\000.\0001\000.\0001\000.\0002\0001\000\040\000f\000r\000e\000q\000\137\000i\000n}{subsection.7.1.1}% 278
\BOOKMARK [3][-]{subsubsection.7.1.1.22}{\376\377\0007\000.\0001\000.\0001\000.\0002\0002\000\040\000f\000r\000e\000q\000\137\000r\000e\000m\000a\000i\000n\000d\000e\000r}{subsection.7.1.1}% 279
\BOOKMARK [3][-]{subsubsection.7.1.1.23}{\376\377\0007\000.\0001\000.\0001\000.\0002\0003\000\040\000i\000a\000p\000p}{subsection.7.1.1}% 280
\BOOKMARK [3][-]{subsubsection.7.1.1.24}{\376\377\0007\000.\0001\000.\0001\000.\0002\0004\000\040\000l}{subsection.7.1.1}% 281
\BOOKMARK [3][-]{subsubsection.7.1.1.25}{\376\377\0007\000.\0001\000.\0001\000.\0002\0005\000\040\000n}{subsection.7.1.1}% 282
\BOOKMARK [3][-]{subsubsection.7.1.1.26}{\376\377\0007\000.\0001\000.\0001\000.\0002\0006\000\040\000n\000c\000i\000d}{subsection.7.1.1}% 283
\BOOKMARK [3][-]{subsubsection.7.1.1.27}{\376\377\0007\000.\0001\000.\0001\000.\0002\0007\000\040\000p\000a\000r\000s\000e\000\137\000i\000d\000x}{subsection.7.1.1}% 284
\BOOKMARK [3][-]{subsubsection.7.1.1.28}{\376\377\0007\000.\0001\000.\0001\000.\0002\0008\000\040\000r}{subsection.7.1.1}% 285
\BOOKMARK [3][-]{subsubsection.7.1.1.29}{\376\377\0007\000.\0001\000.\0001\000.\0002\0009\000\040\000s\000t\000a\000t\000u\000s}{subsection.7.1.1}% 286
\BOOKMARK [3][-]{subsubsection.7.1.1.30}{\376\377\0007\000.\0001\000.\0001\000.\0003\0000\000\040\000t\000s\000t\000e\000p}{subsection.7.1.1}% 287
\BOOKMARK [3][-]{subsubsection.7.1.1.31}{\376\377\0007\000.\0001\000.\0001\000.\0003\0001\000\040\000t\000s\000t\000e\000p\000\137\000i\000n\000i\000t}{subsection.7.1.1}% 288
\BOOKMARK [3][-]{subsubsection.7.1.1.32}{\376\377\0007\000.\0001\000.\0001\000.\0003\0002\000\040\000t\000s\000t\000e\000p\000\137\000s\000t\000r}{subsection.7.1.1}% 289
\BOOKMARK [3][-]{subsubsection.7.1.1.33}{\376\377\0007\000.\0001\000.\0001\000.\0003\0003\000\040\000t\000s\000t\000e\000p\000s}{subsection.7.1.1}% 290
\BOOKMARK [3][-]{subsubsection.7.1.1.34}{\376\377\0007\000.\0001\000.\0001\000.\0003\0004\000\040\000v\000a\000r\000i\000d}{subsection.7.1.1}% 291
\BOOKMARK [3][-]{subsubsection.7.1.1.35}{\376\377\0007\000.\0001\000.\0001\000.\0003\0005\000\040\000v\000a\000r\000i\000d\000\137\000a}{subsection.7.1.1}% 292
\BOOKMARK [3][-]{subsubsection.7.1.1.36}{\376\377\0007\000.\0001\000.\0001\000.\0003\0006\000\040\000v\000a\000r\000i\000d\000\137\000c}{subsection.7.1.1}% 293
\BOOKMARK [3][-]{subsubsection.7.1.1.37}{\376\377\0007\000.\0001\000.\0001\000.\0003\0007\000\040\000v\000a\000r\000i\000d\000\137\000c\000s\000t\000o\000r\000a\000g\000e}{subsection.7.1.1}% 294
\BOOKMARK [3][-]{subsubsection.7.1.1.38}{\376\377\0007\000.\0001\000.\0001\000.\0003\0008\000\040\000v\000a\000r\000i\000d\000\137\000d}{subsection.7.1.1}% 295
\BOOKMARK [3][-]{subsubsection.7.1.1.39}{\376\377\0007\000.\0001\000.\0001\000.\0003\0009\000\040\000v\000a\000r\000i\000d\000\137\000d\000t}{subsection.7.1.1}% 296
\BOOKMARK [3][-]{subsubsection.7.1.1.40}{\376\377\0007\000.\0001\000.\0001\000.\0004\0000\000\040\000v\000a\000r\000i\000d\000\137\000e\000c}{subsection.7.1.1}% 297
\BOOKMARK [3][-]{subsubsection.7.1.1.41}{\376\377\0007\000.\0001\000.\0001\000.\0004\0001\000\040\000v\000a\000r\000i\000d\000\137\000i\000a\000p\000p}{subsection.7.1.1}% 298
\BOOKMARK [3][-]{subsubsection.7.1.1.42}{\376\377\0007\000.\0001\000.\0001\000.\0004\0002\000\040\000v\000a\000r\000i\000d\000\137\000l}{subsection.7.1.1}% 299
\BOOKMARK [3][-]{subsubsection.7.1.1.43}{\376\377\0007\000.\0001\000.\0001\000.\0004\0003\000\040\000v\000a\000r\000i\000d\000\137\000n}{subsection.7.1.1}% 300
\BOOKMARK [3][-]{subsubsection.7.1.1.44}{\376\377\0007\000.\0001\000.\0001\000.\0004\0004\000\040\000v\000a\000r\000i\000d\000\137\000r}{subsection.7.1.1}% 301
\BOOKMARK [3][-]{subsubsection.7.1.1.45}{\376\377\0007\000.\0001\000.\0001\000.\0004\0005\000\040\000v\000a\000r\000i\000d\000\137\000t\000s\000t\000e\000p}{subsection.7.1.1}% 302
\BOOKMARK [3][-]{subsubsection.7.1.1.46}{\376\377\0007\000.\0001\000.\0001\000.\0004\0006\000\040\000v\000a\000r\000i\000d\000\137\000t\000s\000t\000e\000p\000s}{subsection.7.1.1}% 303
\BOOKMARK [1][-]{section.7.2}{\376\377\0007\000.\0002\000\040\000/\000h\000o\000m\000e\000/\000c\000h\000e\000m\000/\000m\000s\000u\000v\000n\000j\000/\000P\000X\0009\0001\0005\000\137\000G\000r\000o\000u\000p\000B\000\137\0002\0002\000-\0002\0003\000/\000c\000o\000n\000v\000e\000r\000g\000e\000n\000c\000e\000\137\000t\000e\000s\000t\000.\000p\000y\000\040\000F\000i\000l\000e\000\040\000R\000e\000f\000e\000r\000e\000n\000c\000e}{chapter.7}% 304
\BOOKMARK [1][-]{section.7.3}{\376\377\0007\000.\0003\000\040\000m\000a\000t\000h\000.\000m\000d\000\040\000F\000i\000l\000e\000\040\000R\000e\000f\000e\000r\000e\000n\000c\000e}{chapter.7}% 305
\BOOKMARK [1][-]{section.7.4}{\376\377\0007\000.\0004\000\040\000u\000q\000.\000m\000d\000\040\000F\000i\000l\000e\000\040\000R\000e\000f\000e\000r\000e\000n\000c\000e}{chapter.7}% 306
\BOOKMARK [1][-]{section.7.5}{\376\377\0007\000.\0005\000\040\000/\000h\000o\000m\000e\000/\000c\000h\000e\000m\000/\000m\000s\000u\000v\000n\000j\000/\000P\000X\0009\0001\0005\000\137\000G\000r\000o\000u\000p\000B\000\137\0002\0002\000-\0002\0003\000/\000f\000i\000n\000i\000t\000e\000\137\000d\000i\000f\000f\000\137\000s\000o\000l\000v\000e\000r\000.\000f\0009\0000\000\040\000F\000i\000l\000e\000\040\000R\000e\000f\000e\000r\000e\000n\000c\000e}{chapter.7}% 307
\BOOKMARK [2][-]{subsection.7.5.1}{\376\377\0007\000.\0005\000.\0001\000\040\000F\000u\000n\000c\000t\000i\000o\000n\000/\000S\000u\000b\000r\000o\000u\000t\000i\000n\000e\000\040\000D\000o\000c\000u\000m\000e\000n\000t\000a\000t\000i\000o\000n}{section.7.5}% 308
\BOOKMARK [3][-]{subsubsection.7.5.1.1}{\376\377\0007\000.\0005\000.\0001\000.\0001\000\040\000m\000a\000i\000n\000\050\000\051}{subsection.7.5.1}% 309
\BOOKMARK [1][-]{section.7.6}{\376\377\0007\000.\0006\000\040\000/\000h\000o\000m\000e\000/\000c\000h\000e\000m\000/\000m\000s\000u\000v\000n\000j\000/\000P\000X\0009\0001\0005\000\137\000G\000r\000o\000u\000p\000B\000\137\0002\0002\000-\0002\0003\000/\000m\000i\000x\000e\000d\000\137\000p\000a\000r\000a\000l\000l\000e\000l\000\137\000s\000t\000r\000a\000t\000\137\000t\000e\000s\000t\000.\000p\000y\000\040\000F\000i\000l\000e\000\040\000R\000e\000f\000e\000r\000e\000n\000c\000e}{chapter.7}% 310
\BOOKMARK [1][-]{section.7.7}{\376\377\0007\000.\0007\000\040\000/\000h\000o\000m\000e\000/\000c\000h\000e\000m\000/\000m\000s\000u\000v\000n\000j\000/\000P\000X\0009\0001\0005\000\137\000G\000r\000o\000u\000p\000B\000\137\0002\0002\000-\0002\0003\000/\000M\000K\000L\000\137\000t\000h\000r\000e\000a\000d\000s\000\137\000t\000e\000s\000t\000.\000p\000y\000\040\000F\000i\000l\000e\000\040\000R\000e\000f\000e\000r\000e\000n\000c\000e}{chapter.7}% 311
\BOOKMARK [1][-]{section.7.8}{\376\377\0007\000.\0008\000\040\000/\000h\000o\000m\000e\000/\000c\000h\000e\000m\000/\000m\000s\000u\000v\000n\000j\000/\000P\000X\0009\0001\0005\000\137\000G\000r\000o\000u\000p\000B\000\137\0002\0002\000-\0002\0003\000/\000n\000c\000\137\000o\000u\000t\000p\000u\000t\000.\000f\0009\0000\000\040\000F\000i\000l\000e\000\040\000R\000e\000f\000e\000r\000e\000n\000c\000e}{chapter.7}% 312
\BOOKMARK [1][-]{section.7.9}{\376\377\0007\000.\0009\000\040\000/\000h\000o\000m\000e\000/\000c\000h\000e\000m\000/\000m\000s\000u\000v\000n\000j\000/\000P\000X\0009\0001\0005\000\137\000G\000r\000o\000u\000p\000B\000\137\0002\0002\000-\0002\0003\000/\000p\000l\000o\000t\000t\000e\000r\000.\000p\000y\000\040\000F\000i\000l\000e\000\040\000R\000e\000f\000e\000r\000e\000n\000c\000e}{chapter.7}% 313
\BOOKMARK [1][-]{section.7.10}{\376\377\0007\000.\0001\0000\000\040\000/\000h\000o\000m\000e\000/\000c\000h\000e\000m\000/\000m\000s\000u\000v\000n\000j\000/\000P\000X\0009\0001\0005\000\137\000G\000r\000o\000u\000p\000B\000\137\0002\0002\000-\0002\0003\000/\000r\000e\000a\000d\000\137\000i\000n\000p\000u\000t\000s\000.\000f\0009\0000\000\040\000F\000i\000l\000e\000\040\000R\000e\000f\000e\000r\000e\000n\000c\000e}{chapter.7}% 314
\BOOKMARK [2][-]{subsection.7.10.1}{\376\377\0007\000.\0001\0000\000.\0001\000\040\000V\000a\000r\000i\000a\000b\000l\000e\000\040\000D\000o\000c\000u\000m\000e\000n\000t\000a\000t\000i\000o\000n}{section.7.10}% 315
\BOOKMARK [3][-]{subsubsection.7.10.1.1}{\376\377\0007\000.\0001\0000\000.\0001\000.\0001\000\040\000a\000\137\000s\000m\000a\000l\000l}{subsection.7.10.1}% 316
\BOOKMARK [3][-]{subsubsection.7.10.1.2}{\376\377\0007\000.\0001\0000\000.\0001\000.\0002\000\040\000a\000r\000g}{subsection.7.10.1}% 317
\BOOKMARK [3][-]{subsubsection.7.10.1.3}{\376\377\0007\000.\0001\0000\000.\0001\000.\0003\000\040\000a\000s\000t\000e\000r\000i\000x}{subsection.7.10.1}% 318
\BOOKMARK [3][-]{subsubsection.7.10.1.4}{\376\377\0007\000.\0001\0000\000.\0001\000.\0004\000\040\000c\0000}{subsection.7.10.1}% 319
\BOOKMARK [3][-]{subsubsection.7.10.1.5}{\376\377\0007\000.\0001\0000\000.\0001\000.\0005\000\040\000d}{subsection.7.10.1}% 320
\BOOKMARK [3][-]{subsubsection.7.10.1.6}{\376\377\0007\000.\0001\0000\000.\0001\000.\0006\000\040\000d\000t}{subsection.7.10.1}% 321
\BOOKMARK [3][-]{subsubsection.7.10.1.7}{\376\377\0007\000.\0001\0000\000.\0001\000.\0007\000\040\000e\000l\000e\000c\000t\000r\000o\000d\000e\000\137\000c\000h\000a\000r\000g\000e}{subsection.7.10.1}% 322
\BOOKMARK [3][-]{subsubsection.7.10.1.8}{\376\377\0007\000.\0001\0000\000.\0001\000.\0008\000\040\000f\000i\000l\000e\000\137\000i\000d}{subsection.7.10.1}% 323
\BOOKMARK [3][-]{subsubsection.7.10.1.9}{\376\377\0007\000.\0001\0000\000.\0001\000.\0009\000\040\000f\000i\000l\000e\000n\000a\000m\000e}{subsection.7.10.1}% 324
\BOOKMARK [3][-]{subsubsection.7.10.1.10}{\376\377\0007\000.\0001\0000\000.\0001\000.\0001\0000\000\040\000i}{subsection.7.10.1}% 325
\BOOKMARK [3][-]{subsubsection.7.10.1.11}{\376\377\0007\000.\0001\0000\000.\0001\000.\0001\0001\000\040\000i\000a\000p\000p}{subsection.7.10.1}% 326
\BOOKMARK [3][-]{subsubsection.7.10.1.12}{\376\377\0007\000.\0001\0000\000.\0001\000.\0001\0002\000\040\000i\000n\000v\000a\000l\000i\000d\000\137\000p\000a\000r\000a\000m}{subsection.7.10.1}% 327
\BOOKMARK [3][-]{subsubsection.7.10.1.13}{\376\377\0007\000.\0001\0000\000.\0001\000.\0001\0003\000\040\000i\000o\000s}{subsection.7.10.1}% 328
\BOOKMARK [3][-]{subsubsection.7.10.1.14}{\376\377\0007\000.\0001\0000\000.\0001\000.\0001\0004\000\040\000l}{subsection.7.10.1}% 329
\BOOKMARK [3][-]{subsubsection.7.10.1.15}{\376\377\0007\000.\0001\0000\000.\0001\000.\0001\0005\000\040\000l\000i\000n\000e}{subsection.7.10.1}% 330
\BOOKMARK [3][-]{subsubsection.7.10.1.16}{\376\377\0007\000.\0001\0000\000.\0001\000.\0001\0006\000\040\000n}{subsection.7.10.1}% 331
\BOOKMARK [3][-]{subsubsection.7.10.1.17}{\376\377\0007\000.\0001\0000\000.\0001\000.\0001\0007\000\040\000n\000\137\000p\000a\000r\000a\000m\000s}{subsection.7.10.1}% 332
\BOOKMARK [3][-]{subsubsection.7.10.1.18}{\376\377\0007\000.\0001\0000\000.\0001\000.\0001\0008\000\040\000n\000\137\000p\000a\000r\000a\000m\000s\000\137\000e\000x\000p\000e\000c\000t\000e\000d}{subsection.7.10.1}% 333
\BOOKMARK [3][-]{subsubsection.7.10.1.19}{\376\377\0007\000.\0001\0000\000.\0001\000.\0001\0009\000\040\000n\000a\000m\000e}{subsection.7.10.1}% 334
\BOOKMARK [3][-]{subsubsection.7.10.1.20}{\376\377\0007\000.\0001\0000\000.\0001\000.\0002\0000\000\040\000n\000u\000m\000\137\000a\000r\000g\000s}{subsection.7.10.1}% 335
\BOOKMARK [3][-]{subsubsection.7.10.1.21}{\376\377\0007\000.\0001\0000\000.\0001\000.\0002\0001\000\040\000p\000a\000r\000a\000m\000\137\000r\000e\000a\000d}{subsection.7.10.1}% 336
\BOOKMARK [3][-]{subsubsection.7.10.1.22}{\376\377\0007\000.\0001\0000\000.\0001\000.\0002\0002\000\040\000p\000a\000r\000s\000e\000\137\000i\000d\000x}{subsection.7.10.1}% 337
\BOOKMARK [3][-]{subsubsection.7.10.1.23}{\376\377\0007\000.\0001\0000\000.\0001\000.\0002\0003\000\040\000p\000a\000r\000s\000e\000r}{subsection.7.10.1}% 338
\BOOKMARK [3][-]{subsubsection.7.10.1.24}{\376\377\0007\000.\0001\0000\000.\0001\000.\0002\0004\000\040\000r}{subsection.7.10.1}% 339
\BOOKMARK [3][-]{subsubsection.7.10.1.25}{\376\377\0007\000.\0001\0000\000.\0001\000.\0002\0005\000\040\000r\000e\000a\000d\000\137\000t\000e\000m\000p}{subsection.7.10.1}% 340
\BOOKMARK [3][-]{subsubsection.7.10.1.26}{\376\377\0007\000.\0001\0000\000.\0001\000.\0002\0006\000\040\000t\000s\000t\000e\000p\000s}{subsection.7.10.1}% 341
\BOOKMARK [3][-]{subsubsection.7.10.1.27}{\376\377\0007\000.\0001\0000\000.\0001\000.\0002\0007\000\040\000v\000a\000l}{subsection.7.10.1}% 342
\BOOKMARK [1][-]{section.7.11}{\376\377\0007\000.\0001\0001\000\040\000/\000h\000o\000m\000e\000/\000c\000h\000e\000m\000/\000m\000s\000u\000v\000n\000j\000/\000P\000X\0009\0001\0005\000\137\000G\000r\000o\000u\000p\000B\000\137\0002\0002\000-\0002\0003\000/\000s\000e\000n\000s\000i\000t\000i\000v\000i\000t\000y\000\137\000a\000n\000a\000l\000y\000s\000i\000s\000.\000p\000y\000\040\000F\000i\000l\000e\000\040\000R\000e\000f\000e\000r\000e\000n\000c\000e}{chapter.7}% 343
\BOOKMARK [1][-]{section.7.12}{\376\377\0007\000.\0001\0002\000\040\000/\000h\000o\000m\000e\000/\000c\000h\000e\000m\000/\000m\000s\000u\000v\000n\000j\000/\000P\000X\0009\0001\0005\000\137\000G\000r\000o\000u\000p\000B\000\137\0002\0002\000-\0002\0003\000/\000U\000n\000c\000e\000r\000t\000a\000i\000n\000t\000y\000\137\000P\000r\000o\000p\000a\000g\000a\000t\000i\000o\000n\000.\000p\000y\000\040\000F\000i\000l\000e\000\040\000R\000e\000f\000e\000r\000e\000n\000c\000e}{chapter.7}% 344
\BOOKMARK [1][-]{section.7.13}{\376\377\0007\000.\0001\0003\000\040\000/\000h\000o\000m\000e\000/\000c\000h\000e\000m\000/\000m\000s\000u\000v\000n\000j\000/\000P\000X\0009\0001\0005\000\137\000G\000r\000o\000u\000p\000B\000\137\0002\0002\000-\0002\0003\000/\000u\000n\000i\000t\000\137\000t\000e\000s\000t\000.\000p\000y\000\040\000F\000i\000l\000e\000\040\000R\000e\000f\000e\000r\000e\000n\000c\000e}{chapter.7}% 345
\BOOKMARK [1][-]{section.7.14}{\376\377\0007\000.\0001\0004\000\040\000/\000h\000o\000m\000e\000/\000c\000h\000e\000m\000/\000m\000s\000u\000v\000n\000j\000/\000P\000X\0009\0001\0005\000\137\000G\000r\000o\000u\000p\000B\000\137\0002\0002\000-\0002\0003\000/\000u\000s\000e\000r\000\137\000i\000n\000p\000u\000t\000.\000p\000y\000\040\000F\000i\000l\000e\000\040\000R\000e\000f\000e\000r\000e\000n\000c\000e}{chapter.7}% 346
\BOOKMARK [1][-]{section.7.15}{\376\377\0007\000.\0001\0005\000\040\000/\000h\000o\000m\000e\000/\000c\000h\000e\000m\000/\000m\000s\000u\000v\000n\000j\000/\000P\000X\0009\0001\0005\000\137\000G\000r\000o\000u\000p\000B\000\137\0002\0002\000-\0002\0003\000/\000u\000s\000e\000r\000\137\000i\000n\000p\000u\000t\000\137\000f\000u\000l\000l\000\137\000b\000a\000t\000t\000e\000r\000y\000\137\000G\000I\000T\000T\000.\000p\000y\000\040\000F\000i\000l\000e\000\040\000R\000e\000f\000e\000r\000e\000n\000c\000e}{chapter.7}% 347
\BOOKMARK [1][-]{section.7.16}{\376\377\0007\000.\0001\0006\000\040\000/\000h\000o\000m\000e\000/\000c\000h\000e\000m\000/\000m\000s\000u\000v\000n\000j\000/\000P\000X\0009\0001\0005\000\137\000G\000r\000o\000u\000p\000B\000\137\0002\0002\000-\0002\0003\000/\000u\000s\000e\000r\000\137\000i\000n\000p\000u\000t\000\137\000m\000o\000d\000.\000p\000y\000\040\000F\000i\000l\000e\000\040\000R\000e\000f\000e\000r\000e\000n\000c\000e}{chapter.7}% 348
\BOOKMARK [1][-]{section.7.17}{\376\377\0007\000.\0001\0007\000\040\000/\000h\000o\000m\000e\000/\000c\000h\000e\000m\000/\000m\000s\000u\000v\000n\000j\000/\000P\000X\0009\0001\0005\000\137\000G\000r\000o\000u\000p\000B\000\137\0002\0002\000-\0002\0003\000/\000u\000s\000e\000r\000\137\000i\000n\000p\000u\000t\000\137\000p\000a\000r\000a\000l\000l\000e\000l\000\137\000s\000i\000m\000u\000l\000a\000t\000i\000o\000n\000.\000p\000y\000\040\000F\000i\000l\000e\000\040\000R\000e\000f\000e\000r\000e\000n\000c\000e}{chapter.7}% 349
